{"/home/lucasgft/projectTest/test/ProjectTest/backend/src/Service/partidas.service.ts":{"path":"/home/lucasgft/projectTest/test/ProjectTest/backend/src/Service/partidas.service.ts","statementMap":{"0":{"start":{"line":2,"column":16},"end":{"line":10,"column":1}},"1":{"start":{"line":3,"column":28},"end":{"line":3,"column":110}},"2":{"start":{"line":3,"column":91},"end":{"line":3,"column":106}},"3":{"start":{"line":4,"column":4},"end":{"line":9,"column":7}},"4":{"start":{"line":5,"column":36},"end":{"line":5,"column":97}},"5":{"start":{"line":5,"column":42},"end":{"line":5,"column":70}},"6":{"start":{"line":5,"column":85},"end":{"line":5,"column":95}},"7":{"start":{"line":6,"column":35},"end":{"line":6,"column":100}},"8":{"start":{"line":6,"column":41},"end":{"line":6,"column":73}},"9":{"start":{"line":6,"column":88},"end":{"line":6,"column":98}},"10":{"start":{"line":7,"column":32},"end":{"line":7,"column":116}},"11":{"start":{"line":8,"column":8},"end":{"line":8,"column":78}},"12":{"start":{"line":11,"column":22},"end":{"line":13,"column":1}},"13":{"start":{"line":12,"column":4},"end":{"line":12,"column":62}},"14":{"start":{"line":14,"column":0},"end":{"line":14,"column":62}},"15":{"start":{"line":15,"column":19},"end":{"line":15,"column":66}},"16":{"start":{"line":16,"column":19},"end":{"line":16,"column":65}},"17":{"start":{"line":17,"column":22},"end":{"line":17,"column":71}},"18":{"start":{"line":20,"column":8},"end":{"line":20,"column":47}},"19":{"start":{"line":23,"column":8},"end":{"line":27,"column":11}},"20":{"start":{"line":24,"column":31},"end":{"line":24,"column":58}},"21":{"start":{"line":25,"column":30},"end":{"line":25,"column":68}},"22":{"start":{"line":26,"column":12},"end":{"line":26,"column":29}},"23":{"start":{"line":30,"column":8},"end":{"line":36,"column":11}},"24":{"start":{"line":31,"column":31},"end":{"line":31,"column":58}},"25":{"start":{"line":32,"column":27},"end":{"line":32,"column":72}},"26":{"start":{"line":33,"column":12},"end":{"line":35,"column":13}},"27":{"start":{"line":34,"column":16},"end":{"line":34,"column":59}},"28":{"start":{"line":39,"column":8},"end":{"line":45,"column":11}},"29":{"start":{"line":40,"column":31},"end":{"line":40,"column":58}},"30":{"start":{"line":41,"column":27},"end":{"line":41,"column":83}},"31":{"start":{"line":42,"column":12},"end":{"line":44,"column":13}},"32":{"start":{"line":43,"column":16},"end":{"line":43,"column":59}},"33":{"start":{"line":48,"column":8},"end":{"line":54,"column":11}},"34":{"start":{"line":49,"column":31},"end":{"line":49,"column":58}},"35":{"start":{"line":50,"column":28},"end":{"line":50,"column":52}},"36":{"start":{"line":51,"column":22},"end":{"line":51,"column":59}},"37":{"start":{"line":52,"column":12},"end":{"line":53,"column":76}},"38":{"start":{"line":53,"column":16},"end":{"line":53,"column":76}},"39":{"start":{"line":57,"column":8},"end":{"line":73,"column":11}},"40":{"start":{"line":58,"column":51},"end":{"line":58,"column":58}},"41":{"start":{"line":59,"column":31},"end":{"line":59,"column":58}},"42":{"start":{"line":60,"column":29},"end":{"line":60,"column":53}},"43":{"start":{"line":61,"column":29},"end":{"line":61,"column":97}},"44":{"start":{"line":62,"column":34},"end":{"line":62,"column":90}},"45":{"start":{"line":63,"column":12},"end":{"line":65,"column":13}},"46":{"start":{"line":64,"column":16},"end":{"line":64,"column":57}},"47":{"start":{"line":66,"column":12},"end":{"line":72,"column":13}},"48":{"start":{"line":67,"column":35},"end":{"line":67,"column":67}},"49":{"start":{"line":68,"column":16},"end":{"line":68,"column":62}},"50":{"start":{"line":71,"column":16},"end":{"line":71,"column":58}},"51":{"start":{"line":76,"column":8},"end":{"line":84,"column":11}},"52":{"start":{"line":77,"column":32},"end":{"line":77,"column":59}},"53":{"start":{"line":78,"column":29},"end":{"line":78,"column":53}},"54":{"start":{"line":79,"column":25},"end":{"line":79,"column":61}},"55":{"start":{"line":80,"column":12},"end":{"line":81,"column":53}},"56":{"start":{"line":81,"column":16},"end":{"line":81,"column":53}},"57":{"start":{"line":82,"column":33},"end":{"line":82,"column":65}},"58":{"start":{"line":83,"column":12},"end":{"line":83,"column":32}},"59":{"start":{"line":87,"column":0},"end":{"line":87,"column":34}}},"fnMap":{"0":{"name":"(anonymous_0)","decl":{"start":{"line":2,"column":44},"end":{"line":2,"column":45}},"loc":{"start":{"line":2,"column":89},"end":{"line":10,"column":1}},"line":2},"1":{"name":"adopt","decl":{"start":{"line":3,"column":13},"end":{"line":3,"column":18}},"loc":{"start":{"line":3,"column":26},"end":{"line":3,"column":112}},"line":3},"2":{"name":"(anonymous_2)","decl":{"start":{"line":3,"column":70},"end":{"line":3,"column":71}},"loc":{"start":{"line":3,"column":89},"end":{"line":3,"column":108}},"line":3},"3":{"name":"(anonymous_3)","decl":{"start":{"line":4,"column":36},"end":{"line":4,"column":37}},"loc":{"start":{"line":4,"column":63},"end":{"line":9,"column":5}},"line":4},"4":{"name":"fulfilled","decl":{"start":{"line":5,"column":17},"end":{"line":5,"column":26}},"loc":{"start":{"line":5,"column":34},"end":{"line":5,"column":99}},"line":5},"5":{"name":"rejected","decl":{"start":{"line":6,"column":17},"end":{"line":6,"column":25}},"loc":{"start":{"line":6,"column":33},"end":{"line":6,"column":102}},"line":6},"6":{"name":"step","decl":{"start":{"line":7,"column":17},"end":{"line":7,"column":21}},"loc":{"start":{"line":7,"column":30},"end":{"line":7,"column":118}},"line":7},"7":{"name":"(anonymous_7)","decl":{"start":{"line":11,"column":56},"end":{"line":11,"column":57}},"loc":{"start":{"line":11,"column":71},"end":{"line":13,"column":1}},"line":11},"8":{"name":"(anonymous_8)","decl":{"start":{"line":19,"column":4},"end":{"line":19,"column":5}},"loc":{"start":{"line":19,"column":35},"end":{"line":21,"column":5}},"line":19},"9":{"name":"(anonymous_9)","decl":{"start":{"line":22,"column":4},"end":{"line":22,"column":5}},"loc":{"start":{"line":22,"column":17},"end":{"line":28,"column":5}},"line":22},"10":{"name":"(anonymous_10)","decl":{"start":{"line":23,"column":47},"end":{"line":23,"column":48}},"loc":{"start":{"line":23,"column":60},"end":{"line":27,"column":9}},"line":23},"11":{"name":"(anonymous_11)","decl":{"start":{"line":29,"column":4},"end":{"line":29,"column":5}},"loc":{"start":{"line":29,"column":35},"end":{"line":37,"column":5}},"line":29},"12":{"name":"(anonymous_12)","decl":{"start":{"line":30,"column":47},"end":{"line":30,"column":48}},"loc":{"start":{"line":30,"column":60},"end":{"line":36,"column":9}},"line":30},"13":{"name":"(anonymous_13)","decl":{"start":{"line":38,"column":4},"end":{"line":38,"column":5}},"loc":{"start":{"line":38,"column":36},"end":{"line":46,"column":5}},"line":38},"14":{"name":"(anonymous_14)","decl":{"start":{"line":39,"column":47},"end":{"line":39,"column":48}},"loc":{"start":{"line":39,"column":60},"end":{"line":45,"column":9}},"line":39},"15":{"name":"(anonymous_15)","decl":{"start":{"line":47,"column":4},"end":{"line":47,"column":5}},"loc":{"start":{"line":47,"column":28},"end":{"line":55,"column":5}},"line":47},"16":{"name":"(anonymous_16)","decl":{"start":{"line":48,"column":47},"end":{"line":48,"column":48}},"loc":{"start":{"line":48,"column":60},"end":{"line":54,"column":9}},"line":48},"17":{"name":"(anonymous_17)","decl":{"start":{"line":56,"column":4},"end":{"line":56,"column":5}},"loc":{"start":{"line":56,"column":28},"end":{"line":74,"column":5}},"line":56},"18":{"name":"(anonymous_18)","decl":{"start":{"line":57,"column":47},"end":{"line":57,"column":48}},"loc":{"start":{"line":57,"column":60},"end":{"line":73,"column":9}},"line":57},"19":{"name":"(anonymous_19)","decl":{"start":{"line":75,"column":4},"end":{"line":75,"column":5}},"loc":{"start":{"line":75,"column":36},"end":{"line":85,"column":5}},"line":75},"20":{"name":"(anonymous_20)","decl":{"start":{"line":76,"column":47},"end":{"line":76,"column":48}},"loc":{"start":{"line":76,"column":60},"end":{"line":84,"column":9}},"line":76}},"branchMap":{"0":{"loc":{"start":{"line":2,"column":16},"end":{"line":10,"column":1}},"type":"binary-expr","locations":[{"start":{"line":2,"column":17},"end":{"line":2,"column":21}},{"start":{"line":2,"column":25},"end":{"line":2,"column":39}},{"start":{"line":2,"column":44},"end":{"line":10,"column":1}}],"line":2},"1":{"loc":{"start":{"line":3,"column":35},"end":{"line":3,"column":109}},"type":"cond-expr","locations":[{"start":{"line":3,"column":56},"end":{"line":3,"column":61}},{"start":{"line":3,"column":64},"end":{"line":3,"column":109}}],"line":3},"2":{"loc":{"start":{"line":4,"column":16},"end":{"line":4,"column":34}},"type":"binary-expr","locations":[{"start":{"line":4,"column":16},"end":{"line":4,"column":17}},{"start":{"line":4,"column":22},"end":{"line":4,"column":33}}],"line":4},"3":{"loc":{"start":{"line":7,"column":32},"end":{"line":7,"column":115}},"type":"cond-expr","locations":[{"start":{"line":7,"column":46},"end":{"line":7,"column":67}},{"start":{"line":7,"column":70},"end":{"line":7,"column":115}}],"line":7},"4":{"loc":{"start":{"line":8,"column":51},"end":{"line":8,"column":67}},"type":"binary-expr","locations":[{"start":{"line":8,"column":51},"end":{"line":8,"column":61}},{"start":{"line":8,"column":65},"end":{"line":8,"column":67}}],"line":8},"5":{"loc":{"start":{"line":11,"column":22},"end":{"line":13,"column":1}},"type":"binary-expr","locations":[{"start":{"line":11,"column":23},"end":{"line":11,"column":27}},{"start":{"line":11,"column":31},"end":{"line":11,"column":51}},{"start":{"line":11,"column":56},"end":{"line":13,"column":1}}],"line":11},"6":{"loc":{"start":{"line":12,"column":11},"end":{"line":12,"column":61}},"type":"cond-expr","locations":[{"start":{"line":12,"column":37},"end":{"line":12,"column":40}},{"start":{"line":12,"column":43},"end":{"line":12,"column":61}}],"line":12},"7":{"loc":{"start":{"line":12,"column":12},"end":{"line":12,"column":33}},"type":"binary-expr","locations":[{"start":{"line":12,"column":12},"end":{"line":12,"column":15}},{"start":{"line":12,"column":19},"end":{"line":12,"column":33}}],"line":12},"8":{"loc":{"start":{"line":33,"column":12},"end":{"line":35,"column":13}},"type":"if","locations":[{"start":{"line":33,"column":12},"end":{"line":35,"column":13}},{"start":{"line":33,"column":12},"end":{"line":35,"column":13}}],"line":33},"9":{"loc":{"start":{"line":42,"column":12},"end":{"line":44,"column":13}},"type":"if","locations":[{"start":{"line":42,"column":12},"end":{"line":44,"column":13}},{"start":{"line":42,"column":12},"end":{"line":44,"column":13}}],"line":42},"10":{"loc":{"start":{"line":52,"column":12},"end":{"line":53,"column":76}},"type":"if","locations":[{"start":{"line":52,"column":12},"end":{"line":53,"column":76}},{"start":{"line":52,"column":12},"end":{"line":53,"column":76}}],"line":52},"11":{"loc":{"start":{"line":63,"column":12},"end":{"line":65,"column":13}},"type":"if","locations":[{"start":{"line":63,"column":12},"end":{"line":65,"column":13}},{"start":{"line":63,"column":12},"end":{"line":65,"column":13}}],"line":63},"12":{"loc":{"start":{"line":66,"column":12},"end":{"line":72,"column":13}},"type":"if","locations":[{"start":{"line":66,"column":12},"end":{"line":72,"column":13}},{"start":{"line":66,"column":12},"end":{"line":72,"column":13}}],"line":66},"13":{"loc":{"start":{"line":80,"column":12},"end":{"line":81,"column":53}},"type":"if","locations":[{"start":{"line":80,"column":12},"end":{"line":81,"column":53}},{"start":{"line":80,"column":12},"end":{"line":81,"column":53}}],"line":80}},"s":{"0":1,"1":20,"2":0,"3":13,"4":20,"5":20,"6":3,"7":0,"8":0,"9":0,"10":30,"11":13,"12":1,"13":3,"14":1,"15":1,"16":1,"17":1,"18":1,"19":1,"20":1,"21":1,"22":1,"23":2,"24":2,"25":2,"26":2,"27":1,"28":2,"29":2,"30":2,"31":2,"32":1,"33":2,"34":2,"35":2,"36":2,"37":2,"38":1,"39":3,"40":3,"41":3,"42":3,"43":3,"44":3,"45":3,"46":1,"47":2,"48":1,"49":1,"50":1,"51":3,"52":3,"53":3,"54":3,"55":3,"56":1,"57":2,"58":2,"59":1},"f":{"0":13,"1":20,"2":0,"3":13,"4":20,"5":0,"6":30,"7":3,"8":1,"9":1,"10":1,"11":2,"12":2,"13":2,"14":2,"15":2,"16":2,"17":3,"18":3,"19":3,"20":3},"b":{"0":[1,1,1],"1":[20,0],"2":[13,13],"3":[10,20],"4":[13,13],"5":[1,1,1],"6":[3,0],"7":[3,3],"8":[1,1],"9":[1,1],"10":[1,1],"11":[1,2],"12":[1,1],"13":[1,2]},"inputSourceMap":{"version":3,"file":"/home/lucasgft/projectTest/test/ProjectTest/backend/src/Service/partidas.service.ts","sources":["/home/lucasgft/projectTest/test/ProjectTest/backend/src/Service/partidas.service.ts"],"names":[],"mappings":";;;;;;;;;;;;;;AACA,mEAAkD;AAClD,kEAA0C;AAE1C,wEAAgD;AAEhD,MAAM,eAAe;IACX,qBAAqB,CAAC,OAAkB;QAC9C,OAAO,IAAI,kBAAe,CAAC,OAAO,CAAC,CAAC;IACtC,CAAC;IAEY,UAAU;;YACrB,MAAM,UAAU,GAAG,IAAI,qBAAW,EAAE,CAAC;YACrC,MAAM,SAAS,GAAG,MAAM,UAAU,CAAC,mBAAmB,EAAE,CAAC;YACzD,OAAO,SAAS,CAAC;QACnB,CAAC;KAAA;IAEY,eAAe,CAAC,EAAyB,EAAE,SAAiD;;YACvG,MAAM,UAAU,GAAG,IAAI,qBAAW,EAAE,CAAA;YACpC,MAAM,MAAM,GAAG,MAAM,UAAU,CAAC,aAAa,CAAC,EAAE,EAAE,SAAS,CAAC,CAAA;YAC5D,IAAI,MAAM,KAAK,IAAI,EAAE;gBAAC,OAAO,IAAI,KAAK,CAAC,wBAAwB,CAAC,CAAA;aAAC;QACnE,CAAC;KAAA;IAEY,eAAe,CAAC,EAAyB,EAAG,GAAW,EAAE,KAAc;;YAClF,MAAM,UAAU,GAAG,IAAI,qBAAW,EAAE,CAAC;YACrC,MAAM,MAAM,GAAG,MAAM,UAAU,CAAC,uBAAuB,CAAC,EAAE,EAAE,GAAG,EAAE,KAAK,CAAC,CAAA;YACvE,IAAI,MAAM,KAAK,IAAI,EAAE;gBAAE,OAAO,IAAI,KAAK,CAAC,wBAAwB,CAAC,CAAA;aAAE;QACrE,CAAC;KAAA;IAEY,mBAAmB,CAAC,EAAyB;;YACxD,MAAM,UAAU,GAAG,IAAI,qBAAW,EAAE,CAAC;YACrC,MAAM,OAAO,GAAG,IAAI,kBAAQ,EAAE,CAAC;YAC/B,MAAM,CAAC,GAAG,MAAM,UAAU,CAAC,gBAAgB,CAAC,EAAE,CAAC,CAAA;YAC/C,IAAI,CAAC;gBAAE,MAAM,OAAO,CAAC,aAAa,CAAC,CAAC,CAAC,OAAO,EAAE,CAAC,CAAC,OAAO,EAAE,CAAC,CAAC,MAAM,CAAC,CAAA;QACpE,CAAC;KAAA;IAEY,cAAc,CAAC,OAAkB;;YAC5C,MAAM,EAAE,YAAY,EAAE,YAAY,EAAC,GAAG,OAAO,CAAA;YAC7C,MAAM,UAAU,GAAG,IAAI,qBAAW,EAAE,CAAC;YACrC,MAAM,QAAQ,GAAG,IAAI,kBAAQ,EAAE,CAAC;YAChC,MAAM,QAAQ,GAAG,MAAM,UAAU,CAAC,uBAAuB,CAAC,YAAY,EAAE,YAAY,CAAC,CAAA;YACrF,MAAM,aAAa,GAAG,MAAM,QAAQ,CAAC,aAAa,CAAC,YAAY,EAAE,YAAY,CAAC,CAAC;YAC/E,IAAI,QAAQ,EAAE;gBACZ,MAAM,IAAI,KAAK,CAAC,uBAAuB,CAAC,CAAA;aACzC;YACD,IAAI,aAAa,EAAE;gBACjB,MAAM,UAAU,GAAG,MAAM,UAAU,CAAC,MAAM,CAAC,OAAO,CAAC,CAAA;gBACnD,OAAO,IAAI,CAAC,qBAAqB,CAAC,UAAU,CAAC,CAAC;aAC9C;iBAAM;gBACL,MAAM,IAAI,KAAK,CAAC,wBAAwB,CAAC,CAAA;aAC1C;QACJ,CAAC;KAAA;IAEa,yBAAyB,CAAC,IAAY;;YAClD,MAAM,WAAW,GAAG,IAAI,qBAAW,EAAE,CAAC;YACtC,MAAM,QAAQ,GAAG,IAAI,kBAAQ,EAAE,CAAC;YAChC,MAAM,IAAI,GAAG,MAAM,QAAQ,CAAC,OAAO,CAAC,MAAM,EAAE,IAAI,CAAC,CAAA;YACjD,IAAG,IAAI,KAAK,IAAI;gBAAE,MAAM,IAAI,KAAK,CAAC,mBAAmB,CAAC,CAAA;YACtD,MAAM,YAAY,GAAG,MAAM,WAAW,CAAC,QAAQ,CAAC,IAAI,CAAC,CAAC;YACtD,OAAO,YAAY,CAAA;QACrB,CAAC;KAAA;CAEF;AAED,kBAAe,eAAe,CAAC","sourcesContent":["import { Schema } from 'mongoose';\nimport PartidasDomains from '../Domains/Partidas';\nimport TimesODM from '../Models/TimesODM';\nimport IPartidas from '../interfaces/IPartidas';\nimport PartidasODM from '../Models/PartidasODM';\n\nclass PartidasService {\n  private createPartidasDomains(partida: IPartidas) {\n    return new PartidasDomains(partida);\n  }\n\n  public async findByTime() {\n    const partidaODM = new PartidasODM();\n    const objResult = await partidaODM.getPartidasByStatus();\n    return objResult;\n  }\n\n  public async atualizarPlacar(id: Schema.Types.ObjectId, objPlacar: { timeCasa: number, timeFora: number }) {\n    const partidaODM = new PartidasODM()\n    const result = await partidaODM.updatedPlacar(id, objPlacar)\n    if (result === null) {return new Error('nao achou essa partida')}\n  }\n\n  public async atualizarStatus(id: Schema.Types.ObjectId,  key: string, value: boolean) {\n    const partidaODM = new PartidasODM();\n    const result = await partidaODM.alterarStatusEspecifico(id, key, value)\n    if (result === null) { return new Error('nao achou essa partida') } \n  }\n\n  public async updatedPontosStatus(id: Schema.Types.ObjectId) {\n    const partidaODM = new PartidasODM();\n    const timeODM = new TimesODM();\n    const s = await partidaODM.findPontosStatus(id)\n    if (s) await timeODM.updatedPontos(s.vitoria, s.derrota, s.empate)\n  }\n\n  public async createPartidas(partida: IPartidas) {\n    const { timeCasaName, timeForaName} = partida\n    const partidaODM = new PartidasODM();\n    const timesODM = new TimesODM();\n    const jaExiste = await partidaODM.verificaJaExistePartida(timeCasaName, timeForaName)\n    const verificaTimes = await timesODM.verificaTimes(timeCasaName, timeForaName);\n    if (jaExiste) {\n      throw new Error('Partida ja foi criada')\n    }\n    if (verificaTimes) { \n      const newPartida = await partidaODM.create(partida)\n      return this.createPartidasDomains(newPartida);\n     } else {\n       throw new Error('Time(s) Nao Encontrado')\n     }\n  }\n\n  public async  getPartidasTimeEspecifico(name: string) {\n    const partidasODM = new PartidasODM();\n    const timesODM = new TimesODM();\n    const time = await timesODM.findOne('nome', name)\n    if(time === null) throw new Error('Não Tem Esse Time')\n    const partidasTime = await partidasODM.findTime(name);\n    return partidasTime\n  }\n\n}\n\nexport default PartidasService;\n"]},"_coverageSchema":"1a1c01bbd47fc00a2c39e90264f33305004495a9","hash":"6b34f3be2085287a291fe4c5cf15ec253323bc14","contentHash":"032345ebb906559e58b93874ea1196685af4fffe07bc494ca80282439c82d111"},"/home/lucasgft/projectTest/test/ProjectTest/backend/src/Domains/Partidas.ts":{"path":"/home/lucasgft/projectTest/test/ProjectTest/backend/src/Domains/Partidas.ts","statementMap":{"0":{"start":{"line":2,"column":0},"end":{"line":2,"column":62}},"1":{"start":{"line":5,"column":8},"end":{"line":5,"column":49}},"2":{"start":{"line":6,"column":8},"end":{"line":6,"column":39}},"3":{"start":{"line":7,"column":8},"end":{"line":7,"column":49}},"4":{"start":{"line":8,"column":8},"end":{"line":8,"column":49}},"5":{"start":{"line":9,"column":8},"end":{"line":9,"column":49}},"6":{"start":{"line":10,"column":8},"end":{"line":10,"column":39}},"7":{"start":{"line":11,"column":8},"end":{"line":11,"column":41}},"8":{"start":{"line":14,"column":8},"end":{"line":14,"column":33}},"9":{"start":{"line":17,"column":8},"end":{"line":17,"column":33}},"10":{"start":{"line":20,"column":8},"end":{"line":20,"column":28}},"11":{"start":{"line":23,"column":8},"end":{"line":23,"column":33}},"12":{"start":{"line":26,"column":8},"end":{"line":26,"column":33}},"13":{"start":{"line":29,"column":8},"end":{"line":29,"column":28}},"14":{"start":{"line":32,"column":8},"end":{"line":32,"column":29}},"15":{"start":{"line":35,"column":8},"end":{"line":35,"column":33}},"16":{"start":{"line":38,"column":8},"end":{"line":38,"column":33}},"17":{"start":{"line":41,"column":8},"end":{"line":41,"column":28}},"18":{"start":{"line":44,"column":8},"end":{"line":44,"column":34}},"19":{"start":{"line":47,"column":8},"end":{"line":47,"column":34}},"20":{"start":{"line":50,"column":8},"end":{"line":50,"column":28}},"21":{"start":{"line":53,"column":8},"end":{"line":53,"column":29}},"22":{"start":{"line":56,"column":0},"end":{"line":56,"column":27}}},"fnMap":{"0":{"name":"(anonymous_0)","decl":{"start":{"line":4,"column":4},"end":{"line":4,"column":5}},"loc":{"start":{"line":4,"column":25},"end":{"line":12,"column":5}},"line":4},"1":{"name":"(anonymous_1)","decl":{"start":{"line":13,"column":4},"end":{"line":13,"column":5}},"loc":{"start":{"line":13,"column":22},"end":{"line":15,"column":5}},"line":13},"2":{"name":"(anonymous_2)","decl":{"start":{"line":16,"column":4},"end":{"line":16,"column":5}},"loc":{"start":{"line":16,"column":22},"end":{"line":18,"column":5}},"line":16},"3":{"name":"(anonymous_3)","decl":{"start":{"line":19,"column":4},"end":{"line":19,"column":5}},"loc":{"start":{"line":19,"column":17},"end":{"line":21,"column":5}},"line":19},"4":{"name":"(anonymous_4)","decl":{"start":{"line":22,"column":4},"end":{"line":22,"column":5}},"loc":{"start":{"line":22,"column":22},"end":{"line":24,"column":5}},"line":22},"5":{"name":"(anonymous_5)","decl":{"start":{"line":25,"column":4},"end":{"line":25,"column":5}},"loc":{"start":{"line":25,"column":22},"end":{"line":27,"column":5}},"line":25},"6":{"name":"(anonymous_6)","decl":{"start":{"line":28,"column":4},"end":{"line":28,"column":5}},"loc":{"start":{"line":28,"column":17},"end":{"line":30,"column":5}},"line":28},"7":{"name":"(anonymous_7)","decl":{"start":{"line":31,"column":4},"end":{"line":31,"column":5}},"loc":{"start":{"line":31,"column":18},"end":{"line":33,"column":5}},"line":31},"8":{"name":"(anonymous_8)","decl":{"start":{"line":34,"column":4},"end":{"line":34,"column":5}},"loc":{"start":{"line":34,"column":26},"end":{"line":36,"column":5}},"line":34},"9":{"name":"(anonymous_9)","decl":{"start":{"line":37,"column":4},"end":{"line":37,"column":5}},"loc":{"start":{"line":37,"column":26},"end":{"line":39,"column":5}},"line":37},"10":{"name":"(anonymous_10)","decl":{"start":{"line":40,"column":4},"end":{"line":40,"column":5}},"loc":{"start":{"line":40,"column":21},"end":{"line":42,"column":5}},"line":40},"11":{"name":"(anonymous_11)","decl":{"start":{"line":43,"column":4},"end":{"line":43,"column":5}},"loc":{"start":{"line":43,"column":27},"end":{"line":45,"column":5}},"line":43},"12":{"name":"(anonymous_12)","decl":{"start":{"line":46,"column":4},"end":{"line":46,"column":5}},"loc":{"start":{"line":46,"column":27},"end":{"line":48,"column":5}},"line":46},"13":{"name":"(anonymous_13)","decl":{"start":{"line":49,"column":4},"end":{"line":49,"column":5}},"loc":{"start":{"line":49,"column":21},"end":{"line":51,"column":5}},"line":49},"14":{"name":"(anonymous_14)","decl":{"start":{"line":52,"column":4},"end":{"line":52,"column":5}},"loc":{"start":{"line":52,"column":22},"end":{"line":54,"column":5}},"line":52}},"branchMap":{},"s":{"0":1,"1":1,"2":1,"3":1,"4":1,"5":1,"6":1,"7":1,"8":1,"9":0,"10":0,"11":0,"12":0,"13":0,"14":0,"15":0,"16":0,"17":0,"18":0,"19":0,"20":0,"21":0,"22":1},"f":{"0":1,"1":1,"2":0,"3":0,"4":0,"5":0,"6":0,"7":0,"8":0,"9":0,"10":0,"11":0,"12":0,"13":0,"14":0},"b":{},"inputSourceMap":{"version":3,"file":"/home/lucasgft/projectTest/test/ProjectTest/backend/src/Domains/Partidas.ts","sources":["/home/lucasgft/projectTest/test/ProjectTest/backend/src/Domains/Partidas.ts"],"names":[],"mappings":";;AAGA,MAAM,QAAQ;IAUZ,YAAY,OAAkB;QAC5B,IAAI,CAAC,YAAY,GAAG,OAAO,CAAC,YAAY,CAAC;QACzC,IAAI,CAAC,OAAO,GAAG,OAAO,CAAC,OAAO,CAAC;QAC/B,IAAI,CAAC,YAAY,GAAG,OAAO,CAAC,YAAY,CAAC;QACzC,IAAI,CAAC,YAAY,GAAG,OAAO,CAAC,YAAY,CAAC;QACzC,IAAI,CAAC,YAAY,GAAG,OAAO,CAAC,YAAY,CAAC;QACzC,IAAI,CAAC,OAAO,GAAG,OAAO,CAAC,OAAO,CAAC;QAC/B,IAAI,CAAC,QAAQ,GAAG,OAAO,CAAC,QAAQ,CAAC;IACnC,CAAC;IAED,eAAe;QACb,OAAO,IAAI,CAAC,YAAY,CAAC;IAC3B,CAAC;IAED,eAAe;QACb,OAAO,IAAI,CAAC,YAAY,CAAC;IAC3B,CAAC;IAED,UAAU;QACR,OAAO,IAAI,CAAC,OAAO,CAAC;IACtB,CAAC;IAED,eAAe;QACb,OAAO,IAAI,CAAC,YAAY,CAAC;IAC3B,CAAC;IAED,eAAe;QACb,OAAO,IAAI,CAAC,YAAY,CAAC;IAC3B,CAAC;IAED,UAAU;QACR,OAAO,IAAI,CAAC,OAAO,CAAC;IACtB,CAAC;IAED,WAAW;QACT,OAAO,IAAI,CAAC,QAAQ,CAAC;IACvB,CAAC;IAED,eAAe,CAAC,IAAY;QAC1B,IAAI,CAAC,YAAY,GAAG,IAAI,CAAC;IAC3B,CAAC;IAED,eAAe,CAAC,IAAY;QAC1B,IAAI,CAAC,YAAY,GAAG,IAAI,CAAC;IAC3B,CAAC;IAED,UAAU,CAAC,IAAU;QACnB,IAAI,CAAC,OAAO,GAAG,IAAI,CAAC;IACtB,CAAC;IAED,eAAe,CAAC,KAAa;QAC3B,IAAI,CAAC,YAAY,GAAG,KAAK,CAAC;IAC5B,CAAC;IAED,eAAe,CAAC,KAAa;QAC3B,IAAI,CAAC,YAAY,GAAG,KAAK,CAAC;IAC5B,CAAC;IAED,UAAU,CAAC,IAAa;QACtB,IAAI,CAAC,OAAO,GAAG,IAAI,CAAC;IACtB,CAAC;IAED,WAAW,CAAC,IAAa;QACvB,IAAI,CAAC,QAAQ,GAAG,IAAI,CAAC;IACvB,CAAC;CACF;AAED,kBAAe,QAAQ,CAAC","sourcesContent":["import IPartidas from '../interfaces/IPartidas';\nimport mongoose from 'mongoose';\n\nclass Partidas {\n\n  protected timeCasaName: string;\n  protected horario: Date;\n  protected timeForaName: string;\n  protected golsTimeCasa: number;\n  protected golsTimeFora: number;\n  protected terminou: boolean;\n  protected comecou: boolean;\n\n  constructor(partida: IPartidas) {\n    this.timeCasaName = partida.timeCasaName;\n    this.horario = partida.horario;\n    this.timeForaName = partida.timeForaName;\n    this.golsTimeCasa = partida.golsTimeCasa;\n    this.golsTimeFora = partida.golsTimeFora;\n    this.comecou = partida.comecou;\n    this.terminou = partida.terminou;\n  }\n\n  getTimeCasaName(): string {\n    return this.timeCasaName;\n  }\n\n  getTimeForaName(): string {\n    return this.timeForaName;\n  }\n\n  getHorario(): Date {\n    return this.horario;\n  }\n\n  getGolsTimeCasa(): number {\n    return this.golsTimeCasa;\n  }\n\n  getGolsTimeFora(): number {\n    return this.golsTimeFora;\n  }\n\n  getComecou(): boolean {\n    return this.comecou;\n  }\n\n  getTerminou(): boolean {\n    return this.terminou;\n  }\n\n  setTimeCasaName(name: string): void {\n    this.timeCasaName = name;\n  }\n\n  setTimeForaName(name: string): void {\n    this.timeForaName = name;\n  }\n\n  setHorario(data: Date): void {\n    this.horario = data;\n  }\n\n  setGolsTimeCasa(goals: number): void {\n    this.golsTimeCasa = goals;\n  }\n\n  setGolsTimeFora(goals: number): void {\n    this.golsTimeFora = goals;\n  }\n\n  setComecou(bool: boolean): void {\n    this.comecou = bool;\n  }\n\n  setTerminou(bool: boolean): void {\n    this.terminou = bool;\n  }\n}\n\nexport default Partidas;\n"]},"_coverageSchema":"1a1c01bbd47fc00a2c39e90264f33305004495a9","hash":"3b60eadd94909e0df2e129d59ea569d6a6527de2","contentHash":"63c99a8f14bdf3bc2646bb7cabd6bc1df5dbb9d6dfcd68664cdaabdba7e2d67f"},"/home/lucasgft/projectTest/test/ProjectTest/backend/src/Models/TimesODM.ts":{"path":"/home/lucasgft/projectTest/test/ProjectTest/backend/src/Models/TimesODM.ts","statementMap":{"0":{"start":{"line":2,"column":22},"end":{"line":4,"column":1}},"1":{"start":{"line":3,"column":4},"end":{"line":3,"column":62}},"2":{"start":{"line":5,"column":0},"end":{"line":5,"column":62}},"3":{"start":{"line":6,"column":19},"end":{"line":6,"column":38}},"4":{"start":{"line":7,"column":22},"end":{"line":7,"column":63}},"5":{"start":{"line":11,"column":8},"end":{"line":19,"column":21}},"6":{"start":{"line":22,"column":0},"end":{"line":22,"column":27}}},"fnMap":{"0":{"name":"(anonymous_0)","decl":{"start":{"line":2,"column":56},"end":{"line":2,"column":57}},"loc":{"start":{"line":2,"column":71},"end":{"line":4,"column":1}},"line":2},"1":{"name":"(anonymous_1)","decl":{"start":{"line":10,"column":4},"end":{"line":10,"column":5}},"loc":{"start":{"line":10,"column":18},"end":{"line":20,"column":5}},"line":10}},"branchMap":{"0":{"loc":{"start":{"line":2,"column":22},"end":{"line":4,"column":1}},"type":"binary-expr","locations":[{"start":{"line":2,"column":23},"end":{"line":2,"column":27}},{"start":{"line":2,"column":31},"end":{"line":2,"column":51}},{"start":{"line":2,"column":56},"end":{"line":4,"column":1}}],"line":2},"1":{"loc":{"start":{"line":3,"column":11},"end":{"line":3,"column":61}},"type":"cond-expr","locations":[{"start":{"line":3,"column":37},"end":{"line":3,"column":40}},{"start":{"line":3,"column":43},"end":{"line":3,"column":61}}],"line":3},"2":{"loc":{"start":{"line":3,"column":12},"end":{"line":3,"column":33}},"type":"binary-expr","locations":[{"start":{"line":3,"column":12},"end":{"line":3,"column":15}},{"start":{"line":3,"column":19},"end":{"line":3,"column":33}}],"line":3}},"s":{"0":1,"1":1,"2":1,"3":1,"4":1,"5":11,"6":1},"f":{"0":1,"1":11},"b":{"0":[1,1,1],"1":[1,0],"2":[1,1]},"inputSourceMap":{"version":3,"file":"/home/lucasgft/projectTest/test/ProjectTest/backend/src/Models/TimesODM.ts","sources":["/home/lucasgft/projectTest/test/ProjectTest/backend/src/Models/TimesODM.ts"],"names":[],"mappings":";;;;;AACA,uCAAkC;AAClC,gEAAwC;AAExC,iDAAiD;AAEjD,MAAM,QAAS,SAAQ,qBAAoB;IACzC;QACE,KAAK,CACH,IAAI,iBAAM,CAAS;YACjB,IAAI,EAAE,EAAE,IAAI,EAAE,MAAM,EAAE,QAAQ,EAAE,IAAI,EAAE,MAAM,EAAE,IAAI,EAAE;YACpD,MAAM,EAAE,EAAE,IAAI,EAAE,MAAM,EAAE,QAAQ,EAAE,IAAI,EAAE;YACxC,OAAO,EAAE,EAAE,IAAI,EAAE,MAAM,EAAE;YACzB,mBAAmB,EAAE,EAAE,IAAI,EAAE,MAAM,EAAE,QAAQ,EAAE,IAAI,EAAE;YACrD,QAAQ,EAAE,EAAE,IAAI,EAAE,MAAM,EAAE,OAAO,EAAE,EAAE,QAAQ,EAAE,CAAC;oBAC9C,QAAQ,EAAE,CAAC;oBACX,OAAO,EAAE,CAAC,EAAC,EAAE;SAChB,CAAC,EACF,OAAO,CACR,CAAC;IACJ,CAAC;CACF;AAED,kBAAe,QAAQ,CAAC","sourcesContent":["import mongoose from \"mongoose\";\nimport { Schema } from 'mongoose';\nimport AbstractODM from './AbstractODM';\nimport ITimes from '../interfaces/ITimes';\n// import { PartidaSchema } from \"./PartidasODM\";\n\nclass TimesODM extends AbstractODM <ITimes> {\n  constructor() {\n    super(\n      new Schema<ITimes>({\n        nome: { type: String, required: true, unique: true },\n        estado: { type: String, required: true },\n        estadio: { type: String },\n        quantidadeJogadores: { type: Number, required: true },\n        partidas: { type: Object, default: { vitorias: 0,\n          derrotas: 0,\n          empates: 0} },\n      }),\n      'times',\n    );\n  }\n}\n\nexport default TimesODM;\n"]},"_coverageSchema":"1a1c01bbd47fc00a2c39e90264f33305004495a9","hash":"95fd8aac24029f42bcb620797154f17d888e31c7","contentHash":"8de25677e780e36c2ded851b47d0bdc6978daf51b3c147a3705001ab4de5df5e"},"/home/lucasgft/projectTest/test/ProjectTest/backend/src/Models/AbstractODM.ts":{"path":"/home/lucasgft/projectTest/test/ProjectTest/backend/src/Models/AbstractODM.ts","statementMap":{"0":{"start":{"line":2,"column":16},"end":{"line":10,"column":1}},"1":{"start":{"line":3,"column":28},"end":{"line":3,"column":110}},"2":{"start":{"line":3,"column":91},"end":{"line":3,"column":106}},"3":{"start":{"line":4,"column":4},"end":{"line":9,"column":7}},"4":{"start":{"line":5,"column":36},"end":{"line":5,"column":97}},"5":{"start":{"line":5,"column":42},"end":{"line":5,"column":70}},"6":{"start":{"line":5,"column":85},"end":{"line":5,"column":95}},"7":{"start":{"line":6,"column":35},"end":{"line":6,"column":100}},"8":{"start":{"line":6,"column":41},"end":{"line":6,"column":73}},"9":{"start":{"line":6,"column":88},"end":{"line":6,"column":98}},"10":{"start":{"line":7,"column":32},"end":{"line":7,"column":116}},"11":{"start":{"line":8,"column":8},"end":{"line":8,"column":78}},"12":{"start":{"line":11,"column":0},"end":{"line":11,"column":62}},"13":{"start":{"line":12,"column":19},"end":{"line":12,"column":38}},"14":{"start":{"line":15,"column":8},"end":{"line":15,"column":29}},"15":{"start":{"line":16,"column":8},"end":{"line":16,"column":107}},"16":{"start":{"line":17,"column":8},"end":{"line":17,"column":115}},"17":{"start":{"line":20,"column":8},"end":{"line":22,"column":11}},"18":{"start":{"line":21,"column":12},"end":{"line":21,"column":62}},"19":{"start":{"line":25,"column":8},"end":{"line":27,"column":11}},"20":{"start":{"line":26,"column":12},"end":{"line":26,"column":45}},"21":{"start":{"line":30,"column":8},"end":{"line":36,"column":11}},"22":{"start":{"line":31,"column":26},"end":{"line":33,"column":13}},"23":{"start":{"line":34,"column":25},"end":{"line":34,"column":78}},"24":{"start":{"line":35,"column":12},"end":{"line":35,"column":24}},"25":{"start":{"line":39,"column":8},"end":{"line":42,"column":11}},"26":{"start":{"line":40,"column":25},"end":{"line":40,"column":143}},"27":{"start":{"line":41,"column":12},"end":{"line":41,"column":24}},"28":{"start":{"line":45,"column":8},"end":{"line":50,"column":11}},"29":{"start":{"line":46,"column":26},"end":{"line":48,"column":13}},"30":{"start":{"line":49,"column":12},"end":{"line":49,"column":45}},"31":{"start":{"line":53,"column":8},"end":{"line":61,"column":11}},"32":{"start":{"line":54,"column":27},"end":{"line":59,"column":14}},"33":{"start":{"line":60,"column":12},"end":{"line":60,"column":26}},"34":{"start":{"line":64,"column":8},"end":{"line":67,"column":11}},"35":{"start":{"line":65,"column":27},"end":{"line":65,"column":62}},"36":{"start":{"line":66,"column":12},"end":{"line":66,"column":26}},"37":{"start":{"line":70,"column":8},"end":{"line":84,"column":11}},"38":{"start":{"line":71,"column":12},"end":{"line":83,"column":13}},"39":{"start":{"line":72,"column":16},"end":{"line":74,"column":19}},"40":{"start":{"line":77,"column":16},"end":{"line":79,"column":19}},"41":{"start":{"line":80,"column":16},"end":{"line":82,"column":19}},"42":{"start":{"line":87,"column":8},"end":{"line":109,"column":11}},"43":{"start":{"line":88,"column":28},"end":{"line":88,"column":66}},"44":{"start":{"line":90,"column":24},"end":{"line":94,"column":13}},"45":{"start":{"line":95,"column":12},"end":{"line":108,"column":13}},"46":{"start":{"line":96,"column":16},"end":{"line":106,"column":17}},"47":{"start":{"line":97,"column":20},"end":{"line":97,"column":55}},"48":{"start":{"line":98,"column":20},"end":{"line":98,"column":55}},"49":{"start":{"line":100,"column":21},"end":{"line":106,"column":17}},"50":{"start":{"line":101,"column":20},"end":{"line":101,"column":55}},"51":{"start":{"line":102,"column":20},"end":{"line":102,"column":55}},"52":{"start":{"line":105,"column":20},"end":{"line":105,"column":78}},"53":{"start":{"line":107,"column":16},"end":{"line":107,"column":27}},"54":{"start":{"line":112,"column":8},"end":{"line":117,"column":11}},"55":{"start":{"line":113,"column":35},"end":{"line":113,"column":111}},"56":{"start":{"line":114,"column":12},"end":{"line":115,"column":29}},"57":{"start":{"line":115,"column":16},"end":{"line":115,"column":29}},"58":{"start":{"line":116,"column":12},"end":{"line":116,"column":24}},"59":{"start":{"line":120,"column":8},"end":{"line":125,"column":11}},"60":{"start":{"line":121,"column":29},"end":{"line":121,"column":91}},"61":{"start":{"line":122,"column":12},"end":{"line":123,"column":29}},"62":{"start":{"line":123,"column":16},"end":{"line":123,"column":29}},"63":{"start":{"line":124,"column":12},"end":{"line":124,"column":24}},"64":{"start":{"line":128,"column":8},"end":{"line":130,"column":11}},"65":{"start":{"line":129,"column":12},"end":{"line":129,"column":39}},"66":{"start":{"line":133,"column":8},"end":{"line":144,"column":11}},"67":{"start":{"line":134,"column":29},"end":{"line":134,"column":62}},"68":{"start":{"line":135,"column":31},"end":{"line":135,"column":95}},"69":{"start":{"line":135,"column":58},"end":{"line":135,"column":94}},"70":{"start":{"line":136,"column":31},"end":{"line":136,"column":94}},"71":{"start":{"line":136,"column":58},"end":{"line":136,"column":93}},"72":{"start":{"line":137,"column":31},"end":{"line":137,"column":75}},"73":{"start":{"line":137,"column":58},"end":{"line":137,"column":74}},"74":{"start":{"line":138,"column":30},"end":{"line":142,"column":13}},"75":{"start":{"line":143,"column":12},"end":{"line":143,"column":29}},"76":{"start":{"line":147,"column":0},"end":{"line":147,"column":30}}},"fnMap":{"0":{"name":"(anonymous_0)","decl":{"start":{"line":2,"column":44},"end":{"line":2,"column":45}},"loc":{"start":{"line":2,"column":89},"end":{"line":10,"column":1}},"line":2},"1":{"name":"adopt","decl":{"start":{"line":3,"column":13},"end":{"line":3,"column":18}},"loc":{"start":{"line":3,"column":26},"end":{"line":3,"column":112}},"line":3},"2":{"name":"(anonymous_2)","decl":{"start":{"line":3,"column":70},"end":{"line":3,"column":71}},"loc":{"start":{"line":3,"column":89},"end":{"line":3,"column":108}},"line":3},"3":{"name":"(anonymous_3)","decl":{"start":{"line":4,"column":36},"end":{"line":4,"column":37}},"loc":{"start":{"line":4,"column":63},"end":{"line":9,"column":5}},"line":4},"4":{"name":"fulfilled","decl":{"start":{"line":5,"column":17},"end":{"line":5,"column":26}},"loc":{"start":{"line":5,"column":34},"end":{"line":5,"column":99}},"line":5},"5":{"name":"rejected","decl":{"start":{"line":6,"column":17},"end":{"line":6,"column":25}},"loc":{"start":{"line":6,"column":33},"end":{"line":6,"column":102}},"line":6},"6":{"name":"step","decl":{"start":{"line":7,"column":17},"end":{"line":7,"column":21}},"loc":{"start":{"line":7,"column":30},"end":{"line":7,"column":118}},"line":7},"7":{"name":"(anonymous_7)","decl":{"start":{"line":14,"column":4},"end":{"line":14,"column":5}},"loc":{"start":{"line":14,"column":39},"end":{"line":18,"column":5}},"line":14},"8":{"name":"(anonymous_8)","decl":{"start":{"line":19,"column":4},"end":{"line":19,"column":5}},"loc":{"start":{"line":19,"column":17},"end":{"line":23,"column":5}},"line":19},"9":{"name":"(anonymous_9)","decl":{"start":{"line":20,"column":47},"end":{"line":20,"column":48}},"loc":{"start":{"line":20,"column":60},"end":{"line":22,"column":9}},"line":20},"10":{"name":"(anonymous_10)","decl":{"start":{"line":24,"column":4},"end":{"line":24,"column":5}},"loc":{"start":{"line":24,"column":20},"end":{"line":28,"column":5}},"line":24},"11":{"name":"(anonymous_11)","decl":{"start":{"line":25,"column":47},"end":{"line":25,"column":48}},"loc":{"start":{"line":25,"column":60},"end":{"line":27,"column":9}},"line":25},"12":{"name":"(anonymous_12)","decl":{"start":{"line":29,"column":4},"end":{"line":29,"column":5}},"loc":{"start":{"line":29,"column":44},"end":{"line":37,"column":5}},"line":29},"13":{"name":"(anonymous_13)","decl":{"start":{"line":30,"column":47},"end":{"line":30,"column":48}},"loc":{"start":{"line":30,"column":60},"end":{"line":36,"column":9}},"line":30},"14":{"name":"(anonymous_14)","decl":{"start":{"line":38,"column":4},"end":{"line":38,"column":5}},"loc":{"start":{"line":38,"column":33},"end":{"line":43,"column":5}},"line":38},"15":{"name":"(anonymous_15)","decl":{"start":{"line":39,"column":47},"end":{"line":39,"column":48}},"loc":{"start":{"line":39,"column":60},"end":{"line":42,"column":9}},"line":39},"16":{"name":"(anonymous_16)","decl":{"start":{"line":44,"column":4},"end":{"line":44,"column":5}},"loc":{"start":{"line":44,"column":24},"end":{"line":51,"column":5}},"line":44},"17":{"name":"(anonymous_17)","decl":{"start":{"line":45,"column":47},"end":{"line":45,"column":48}},"loc":{"start":{"line":45,"column":60},"end":{"line":50,"column":9}},"line":45},"18":{"name":"(anonymous_18)","decl":{"start":{"line":52,"column":4},"end":{"line":52,"column":5}},"loc":{"start":{"line":52,"column":23},"end":{"line":62,"column":5}},"line":52},"19":{"name":"(anonymous_19)","decl":{"start":{"line":53,"column":47},"end":{"line":53,"column":48}},"loc":{"start":{"line":53,"column":60},"end":{"line":61,"column":9}},"line":53},"20":{"name":"(anonymous_20)","decl":{"start":{"line":63,"column":4},"end":{"line":63,"column":5}},"loc":{"start":{"line":63,"column":23},"end":{"line":68,"column":5}},"line":63},"21":{"name":"(anonymous_21)","decl":{"start":{"line":64,"column":47},"end":{"line":64,"column":48}},"loc":{"start":{"line":64,"column":60},"end":{"line":67,"column":9}},"line":64},"22":{"name":"(anonymous_22)","decl":{"start":{"line":69,"column":4},"end":{"line":69,"column":5}},"loc":{"start":{"line":69,"column":50},"end":{"line":85,"column":5}},"line":69},"23":{"name":"(anonymous_23)","decl":{"start":{"line":70,"column":47},"end":{"line":70,"column":48}},"loc":{"start":{"line":70,"column":60},"end":{"line":84,"column":9}},"line":70},"24":{"name":"(anonymous_24)","decl":{"start":{"line":86,"column":4},"end":{"line":86,"column":5}},"loc":{"start":{"line":86,"column":25},"end":{"line":110,"column":5}},"line":86},"25":{"name":"(anonymous_25)","decl":{"start":{"line":87,"column":47},"end":{"line":87,"column":48}},"loc":{"start":{"line":87,"column":60},"end":{"line":109,"column":9}},"line":87},"26":{"name":"(anonymous_26)","decl":{"start":{"line":111,"column":4},"end":{"line":111,"column":5}},"loc":{"start":{"line":111,"column":48},"end":{"line":118,"column":5}},"line":111},"27":{"name":"(anonymous_27)","decl":{"start":{"line":112,"column":47},"end":{"line":112,"column":48}},"loc":{"start":{"line":112,"column":60},"end":{"line":117,"column":9}},"line":112},"28":{"name":"(anonymous_28)","decl":{"start":{"line":119,"column":4},"end":{"line":119,"column":5}},"loc":{"start":{"line":119,"column":38},"end":{"line":126,"column":5}},"line":119},"29":{"name":"(anonymous_29)","decl":{"start":{"line":120,"column":47},"end":{"line":120,"column":48}},"loc":{"start":{"line":120,"column":60},"end":{"line":125,"column":9}},"line":120},"30":{"name":"(anonymous_30)","decl":{"start":{"line":127,"column":4},"end":{"line":127,"column":5}},"loc":{"start":{"line":127,"column":13},"end":{"line":131,"column":5}},"line":127},"31":{"name":"(anonymous_31)","decl":{"start":{"line":128,"column":47},"end":{"line":128,"column":48}},"loc":{"start":{"line":128,"column":60},"end":{"line":130,"column":9}},"line":128},"32":{"name":"(anonymous_32)","decl":{"start":{"line":132,"column":4},"end":{"line":132,"column":5}},"loc":{"start":{"line":132,"column":26},"end":{"line":145,"column":5}},"line":132},"33":{"name":"(anonymous_33)","decl":{"start":{"line":133,"column":47},"end":{"line":133,"column":48}},"loc":{"start":{"line":133,"column":60},"end":{"line":144,"column":9}},"line":133},"34":{"name":"(anonymous_34)","decl":{"start":{"line":135,"column":47},"end":{"line":135,"column":48}},"loc":{"start":{"line":135,"column":58},"end":{"line":135,"column":94}},"line":135},"35":{"name":"(anonymous_35)","decl":{"start":{"line":136,"column":47},"end":{"line":136,"column":48}},"loc":{"start":{"line":136,"column":58},"end":{"line":136,"column":93}},"line":136},"36":{"name":"(anonymous_36)","decl":{"start":{"line":137,"column":47},"end":{"line":137,"column":48}},"loc":{"start":{"line":137,"column":58},"end":{"line":137,"column":74}},"line":137}},"branchMap":{"0":{"loc":{"start":{"line":2,"column":16},"end":{"line":10,"column":1}},"type":"binary-expr","locations":[{"start":{"line":2,"column":17},"end":{"line":2,"column":21}},{"start":{"line":2,"column":25},"end":{"line":2,"column":39}},{"start":{"line":2,"column":44},"end":{"line":10,"column":1}}],"line":2},"1":{"loc":{"start":{"line":3,"column":35},"end":{"line":3,"column":109}},"type":"cond-expr","locations":[{"start":{"line":3,"column":56},"end":{"line":3,"column":61}},{"start":{"line":3,"column":64},"end":{"line":3,"column":109}}],"line":3},"2":{"loc":{"start":{"line":4,"column":16},"end":{"line":4,"column":34}},"type":"binary-expr","locations":[{"start":{"line":4,"column":16},"end":{"line":4,"column":17}},{"start":{"line":4,"column":22},"end":{"line":4,"column":33}}],"line":4},"3":{"loc":{"start":{"line":7,"column":32},"end":{"line":7,"column":115}},"type":"cond-expr","locations":[{"start":{"line":7,"column":46},"end":{"line":7,"column":67}},{"start":{"line":7,"column":70},"end":{"line":7,"column":115}}],"line":7},"4":{"loc":{"start":{"line":8,"column":51},"end":{"line":8,"column":67}},"type":"binary-expr","locations":[{"start":{"line":8,"column":51},"end":{"line":8,"column":61}},{"start":{"line":8,"column":65},"end":{"line":8,"column":67}}],"line":8},"5":{"loc":{"start":{"line":16,"column":21},"end":{"line":16,"column":106}},"type":"binary-expr","locations":[{"start":{"line":16,"column":21},"end":{"line":16,"column":53}},{"start":{"line":16,"column":57},"end":{"line":16,"column":106}}],"line":16},"6":{"loc":{"start":{"line":17,"column":29},"end":{"line":17,"column":114}},"type":"binary-expr","locations":[{"start":{"line":17,"column":29},"end":{"line":17,"column":61}},{"start":{"line":17,"column":65},"end":{"line":17,"column":114}}],"line":17},"7":{"loc":{"start":{"line":71,"column":12},"end":{"line":83,"column":13}},"type":"if","locations":[{"start":{"line":71,"column":12},"end":{"line":83,"column":13}},{"start":{"line":71,"column":12},"end":{"line":83,"column":13}}],"line":71},"8":{"loc":{"start":{"line":95,"column":12},"end":{"line":108,"column":13}},"type":"if","locations":[{"start":{"line":95,"column":12},"end":{"line":108,"column":13}},{"start":{"line":95,"column":12},"end":{"line":108,"column":13}}],"line":95},"9":{"loc":{"start":{"line":96,"column":16},"end":{"line":106,"column":17}},"type":"if","locations":[{"start":{"line":96,"column":16},"end":{"line":106,"column":17}},{"start":{"line":96,"column":16},"end":{"line":106,"column":17}}],"line":96},"10":{"loc":{"start":{"line":100,"column":21},"end":{"line":106,"column":17}},"type":"if","locations":[{"start":{"line":100,"column":21},"end":{"line":106,"column":17}},{"start":{"line":100,"column":21},"end":{"line":106,"column":17}}],"line":100},"11":{"loc":{"start":{"line":114,"column":12},"end":{"line":115,"column":29}},"type":"if","locations":[{"start":{"line":114,"column":12},"end":{"line":115,"column":29}},{"start":{"line":114,"column":12},"end":{"line":115,"column":29}}],"line":114},"12":{"loc":{"start":{"line":122,"column":12},"end":{"line":123,"column":29}},"type":"if","locations":[{"start":{"line":122,"column":12},"end":{"line":123,"column":29}},{"start":{"line":122,"column":12},"end":{"line":123,"column":29}}],"line":122},"13":{"loc":{"start":{"line":135,"column":58},"end":{"line":135,"column":94}},"type":"binary-expr","locations":[{"start":{"line":135,"column":58},"end":{"line":135,"column":73}},{"start":{"line":135,"column":77},"end":{"line":135,"column":94}}],"line":135},"14":{"loc":{"start":{"line":136,"column":58},"end":{"line":136,"column":93}},"type":"binary-expr","locations":[{"start":{"line":136,"column":58},"end":{"line":136,"column":73}},{"start":{"line":136,"column":77},"end":{"line":136,"column":93}}],"line":136}},"s":{"0":1,"1":16,"2":0,"3":29,"4":16,"5":16,"6":0,"7":0,"8":0,"9":0,"10":45,"11":29,"12":1,"13":1,"14":32,"15":32,"16":32,"17":4,"18":4,"19":0,"20":0,"21":2,"22":2,"23":2,"24":2,"25":2,"26":2,"27":2,"28":6,"29":6,"30":6,"31":2,"32":2,"33":2,"34":2,"35":2,"36":2,"37":1,"38":1,"39":1,"40":0,"41":0,"42":2,"43":2,"44":2,"45":2,"46":1,"47":0,"48":0,"49":1,"50":0,"51":0,"52":1,"53":1,"54":3,"55":3,"56":3,"57":2,"58":1,"59":3,"60":3,"61":3,"62":1,"63":2,"64":1,"65":1,"66":1,"67":1,"68":1,"69":3,"70":1,"71":3,"72":1,"73":3,"74":1,"75":1,"76":1},"f":{"0":29,"1":16,"2":0,"3":29,"4":16,"5":0,"6":45,"7":32,"8":4,"9":4,"10":0,"11":0,"12":2,"13":2,"14":2,"15":2,"16":6,"17":6,"18":2,"19":2,"20":2,"21":2,"22":1,"23":1,"24":2,"25":2,"26":3,"27":3,"28":3,"29":3,"30":1,"31":1,"32":1,"33":1,"34":3,"35":3,"36":3},"b":{"0":[1,1,1],"1":[16,0],"2":[29,29],"3":[29,16],"4":[29,29],"5":[32,3],"6":[32,0],"7":[1,0],"8":[1,1],"9":[0,1],"10":[0,1],"11":[2,1],"12":[1,2],"13":[3,2],"14":[3,2]},"inputSourceMap":{"version":3,"file":"/home/lucasgft/projectTest/test/ProjectTest/backend/src/Models/AbstractODM.ts","sources":["/home/lucasgft/projectTest/test/ProjectTest/backend/src/Models/AbstractODM.ts"],"names":[],"mappings":";;;;;;;;;;;AAAA,uCAAkE;AAIlE,MAAM,WAAW;IAIf,YAAY,MAAc,EAAE,aAAqB;QAC/C,IAAI,CAAC,MAAM,GAAG,MAAM,CAAC;QACrB,IAAI,CAAC,KAAK,GAAG,iBAAM,CAAC,aAAa,CAAC,IAAI,IAAA,gBAAK,EAAC,aAAa,EAAE,IAAI,CAAC,MAAM,CAAC,CAAC;QACxE,IAAI,CAAC,aAAa,GAAG,iBAAM,CAAC,aAAa,CAAC,IAAI,IAAA,gBAAK,EAAC,aAAa,EAAE,IAAI,CAAC,MAAM,CAAC,CAAC;IAClF,CAAC;IAEY,MAAM,CAAC,IAAO;;YACzB,OAAO,IAAI,CAAC,KAAK,CAAC,MAAM,mBAAM,IAAI,EAAG,CAAC;QACxC,CAAC;KAAA;IAEY,UAAU,CAAC,GAAQ;;YAC9B,MAAM,IAAI,CAAC,KAAK,CAAC,UAAU,CAAC,GAAG,CAAC,CAAA;QAClC,CAAC;KAAA;IAEY,uBAAuB,CAAC,EAAyB,EAAE,GAAW,EAAE,KAAc;;YACzF,MAAM,KAAK,GAAG;gBACZ,CAAC,GAAG,CAAC,EAAE,KAAK;aACb,CAAA;YACD,MAAM,IAAI,GAAG,MAAM,IAAI,CAAC,KAAK,CAAC,gBAAgB,CAAC,EAAC,GAAG,EAAE,EAAE,EAAC,EAAE,KAAK,CAAC,CAAA;YAChE,OAAO,IAAI,CAAA;QACb,CAAC;KAAA;IAEY,aAAa,CAAC,EAAkC,EAAE,SAAiD;;YAC9G,MAAM,IAAI,GAAG,MAAM,IAAI,CAAC,KAAK,CAAC,gBAAgB,CAAC,EAAE,GAAG,EAAE,EAAE,EAAE,EAAE,EAAE,YAAY,EAAE,SAAS,CAAC,QAAQ,EAAE,YAAY,EAAE,SAAS,CAAC,QAAQ,EAAE,CAAC,CAAC;YACpI,OAAO,IAAI,CAAC;QACd,CAAC;KAAA;IAEY,OAAO,CAAC,GAAQ,EAAE,KAAqC;;YAClE,MAAM,KAAK,GAAG;gBACZ,CAAC,GAAG,CAAC,EAAE,KAAK;aACb,CAAA;YACD,OAAO,IAAI,CAAC,KAAK,CAAC,OAAO,CAAC,KAAK,CAAC,CAAC;QACnC,CAAC;KAAA;IAEY,QAAQ,CAAC,QAAgB;;YAClC,MAAM,MAAM,GAAI,IAAI,CAAC,KAAK,CAAC,IAAI,CAAC;gBAChC,GAAG,EAAE;oBACH,EAAE,YAAY,EAAE,QAAQ,EAAE;oBAC1B,EAAE,YAAY,EAAE,QAAQ,EAAE;iBAC3B;aACF,CAAC,CAAC;YACH,OAAO,MAAM,CAAA;QACf,CAAC;KAAA;IAEY,WAAW,CAAC,KAAa;;YACpC,MAAM,MAAM,GAAG,MAAM,IAAI,CAAC,KAAK,CAAC,OAAO,CAAC,EAAE,KAAK,EAAE,CAAC,CAAA;YAClD,OAAO,MAAM,CAAA;QACf,CAAC;KAAA;IAEY,aAAa,CAAC,UAAkB,EAAE,UAAkB,EAAE,MAAgB;;YACjF,IAAI,MAAM,CAAC,MAAM,KAAK,CAAC,EAAE;gBACvB,MAAM,IAAI,CAAC,KAAK,CAAC,UAAU,CAAC,EAAE,IAAI,EAAE,EAAE,GAAG,EAAE,CAAC,MAAM,CAAC,CAAC,CAAC,EAAE,MAAM,CAAC,CAAC,CAAC,CAAC,EAAE,EAAE,EAAE;oBACrE,IAAI,EAAE,EAAE,kBAAkB,EAAE,CAAC,EAAE;iBAChC,CAAC,CAAA;aACH;iBAAM;gBACL,MAAM,IAAI,CAAC,KAAK,CAAC,gBAAgB,CAAC,EAAE,IAAI,EAAE,UAAU,EAAE,EAAE;oBACtD,IAAI,EAAE,EAAE,mBAAmB,EAAE,CAAC,EAAE;iBACjC,CAAC,CAAA;gBACF,MAAM,IAAI,CAAC,KAAK,CAAC,gBAAgB,CAAC,EAAE,IAAI,EAAE,UAAU,EAAE,EAAE;oBACtD,IAAI,EAAE,EAAE,mBAAmB,EAAE,CAAC,EAAE;iBACjC,CAAC,CAAA;aACH;QACH,CAAC;KAAA;IAEY,gBAAgB,CAAC,EAAyB;;YACrD,MAAM,OAAO,GAAG,MAAM,IAAI,CAAC,KAAK,CAAC,QAAQ,CAAC,EAAE,GAAG,EAAE,EAAE,EAAE,CAAqB,CAAC;YAC3E,oGAAoG;YACpG,MAAM,GAAG,GAAG;gBACV,OAAO,EAAE,EAAE;gBACX,OAAO,EAAE,EAAE;gBACX,MAAM,EAAE,CAAC,EAAE,CAAC;aACb,CAAC;YACF,IAAG,OAAO,EAAE;gBACV,IAAI,OAAO,CAAC,YAAY,GAAG,OAAO,CAAC,YAAY,EAAE;oBAC/C,GAAG,CAAC,OAAO,GAAG,OAAO,CAAC,YAAY,CAAC;oBACnC,GAAG,CAAC,OAAO,GAAG,OAAO,CAAC,YAAY,CAAC;iBACpC;qBAAM,IAAI,OAAO,CAAC,YAAY,GAAG,OAAO,CAAC,YAAY,EAAE;oBACtD,GAAG,CAAC,OAAO,GAAG,OAAO,CAAC,YAAY,CAAC;oBACnC,GAAG,CAAC,OAAO,GAAG,OAAO,CAAC,YAAY,CAAC;iBACpC;qBAAM;oBACL,GAAG,CAAC,MAAM,GAAG,CAAC,OAAO,CAAC,YAAY,EAAE,OAAO,CAAC,YAAY,CAAC,CAAC;iBAC3D;gBACD,OAAO,GAAG,CAAC;aACZ;QACH,CAAC;KAAA;IAEY,uBAAuB,CAAC,QAAgB,EAAE,QAAgB;;YACrE,MAAM,cAAc,GAAG,MAAM,IAAI,CAAC,KAAK,CAAC,OAAO,CAAC,EAAE,YAAY,EAAE,QAAQ,EAAE,YAAY,EAAE,QAAQ,EAAE,CAAC,CAAA;YACnG,IAAI,CAAC,cAAc;gBAAE,OAAO,KAAK,CAAC;YAClC,OAAO,IAAI,CAAC;QACd,CAAC;KAAA;IAEY,aAAa,CAAC,QAAgB,EAAE,QAAgB;;YAC3D,MAAM,QAAQ,GAAG,MAAM,IAAI,CAAC,KAAK,CAAC,IAAI,CAAC,EAAE,IAAI,EAAE,EAAE,GAAG,EAAE,CAAC,QAAQ,EAAE,QAAQ,CAAC,EAAE,EAAE,CAAC,CAAC;YAChF,IAAG,QAAQ,CAAC,MAAM,GAAG,CAAC;gBAAE,OAAO,KAAK,CAAA;YACpC,OAAO,IAAI,CAAA;QACb,CAAC;KAAA;IAEY,MAAM;;YACjB,OAAO,IAAI,CAAC,KAAK,CAAC,IAAI,CAAC,EAAE,CAAC,CAAC;QAC7B,CAAC;KAAA;IAEY,mBAAmB;;YAC9B,MAAM,QAAQ,GAAgB,MAAM,IAAI,CAAC,aAAa,CAAC,IAAI,CAAC,EAAE,CAAC,CAAA;YAC/D,MAAM,UAAU,GAAG,QAAQ,CAAC,MAAM,CAAC,OAAO,CAAC,EAAE,CAAC,OAAO,CAAC,OAAO,IAAI,CAAC,OAAO,CAAC,QAAQ,CAAC,CAAA;YACnF,MAAM,UAAU,GAAG,QAAQ,CAAC,MAAM,CAAC,OAAO,CAAC,EAAE,CAAC,OAAO,CAAC,OAAO,IAAI,OAAO,CAAC,QAAQ,CAAC,CAAA;YAClF,MAAM,UAAU,GAAG,QAAQ,CAAC,MAAM,CAAC,OAAO,CAAC,EAAE,CAAC,CAAC,OAAO,CAAC,OAAO,CAAC,CAAA;YAC/D,MAAM,SAAS,GAAG;gBAChB,UAAU;gBACV,UAAU;gBACV,UAAU;aACT,CAAA;YACD,OAAO,SAAS,CAAA;QACpB,CAAC;KAAA;CACF;AAED,kBAAe,WAAW,CAAC","sourcesContent":["import mongoose, { Schema, Model, models, model } from 'mongoose';\nimport IPartidas from '../interfaces/IPartidas';\nimport PartidasODM from './PartidasODM';\n\nclass AbstractODM<T> {\n  private schema: Schema;\n  private model: Model<T>;\n  private modelPartidas: Model<IPartidas>;\n  constructor(schema: Schema, documentModel: string) {\n    this.schema = schema;\n    this.model = models[documentModel] || model(documentModel, this.schema);\n    this.modelPartidas = models[documentModel] || model(documentModel, this.schema);\n  }\n\n  public async create(user: T): Promise<T> {\n    return this.model.create({ ...user });\n  }\n\n  public async insertMany(key: T[]) {\n    await this.model.insertMany(key)\n  }\n\n  public async alterarStatusEspecifico(id: Schema.Types.ObjectId, key: string, value: boolean) {\n    const query = {\n      [key]: value,\n    }\n    const find = await this.model.findOneAndUpdate({_id: id}, query)\n    return find\n  }\n\n  public async updatedPlacar(id: mongoose.Schema.Types.ObjectId, objPlacar: { timeCasa: number, timeFora: number }) {\n    const find = await this.model.findOneAndUpdate({ _id: id }, { golsTimeCasa: objPlacar.timeCasa, golsTimeFora: objPlacar.timeFora });\n    return find;\n  }\n\n  public async findOne(key: any, value: string | Schema.Types.ObjectId) {\n    const query = {\n      [key]: value,\n    }\n    return this.model.findOne(query);\n  }\n\n  public async findTime(timeName: string) {\n      const result =  this.model.find({\n      $or: [\n        { timeCasaName: timeName },\n        { timeForaName: timeName },\n      ]\n    });\n    return result\n  }\n\n  public async findByEmail(email: string) {\n    const result = await this.model.findOne({ email })\n    return result\n  }\n\n  public async updatedPontos(timeGanhou: string, timePerdeu: string, empate: string[]) {\n    if (empate.length !== 1) {\n      await this.model.updateMany({ nome: { $in: [empate[0], empate[1]] } }, {\n        $inc: { \"partidas.empates\": 1 }\n      })\n    } else {\n      await this.model.findOneAndUpdate({ nome: timeGanhou }, {\n        $inc: { \"partidas.vitorias\": 1 }\n      })\n      await this.model.findOneAndUpdate({ nome: timePerdeu }, {\n        $inc: { \"partidas.derrotas\": 1 }\n      })\n    }\n  }\n\n  public async findPontosStatus(id: Schema.Types.ObjectId) {\n    const partida = await this.model.findById({ _id: id }) as IPartidas | null;\n    // estava assim : const partida = await this.model.findById({ _id: id }).exec() as IPartidas | null;\n    const obj = {\n      vitoria: '',\n      derrota: '',\n      empate: ['']\n    };\n    if(partida) {\n      if (partida.golsTimeCasa > partida.golsTimeFora) {\n        obj.vitoria = partida.timeCasaName;\n        obj.derrota = partida.timeForaName;\n      } else if (partida.golsTimeCasa < partida.golsTimeFora) {\n        obj.vitoria = partida.timeForaName;\n        obj.derrota = partida.timeCasaName;\n      } else {\n        obj.empate = [partida.timeForaName, partida.timeCasaName];\n      }\n      return obj;\n    }\n  }\n\n  public async verificaJaExistePartida(nameCasa: string, nameFora: string) {\n    const jaExitePartida = await this.model.findOne({ timeCasaName: nameCasa, timeForaName: nameFora })\n    if (!jaExitePartida) return false;\n    return true;\n  }\n\n  public async verificaTimes(nameCasa: string, nameFora: string) {\n    const timeCasa = await this.model.find({ nome: { $in: [nameCasa, nameFora] } });\n    if(timeCasa.length < 2) return false\n    return true\n  }\n\n  public async getAll() {\n    return this.model.find({});\n  }\n\n  public async getPartidasByStatus() {\n    const partidas: IPartidas[] = await this.modelPartidas.find({})\n    const andamentos = partidas.filter(partida => partida.comecou && !partida.terminou)\n    const terminadas = partidas.filter(partida => partida.comecou && partida.terminou)\n    const naoComecou = partidas.filter(partida => !partida.comecou)\n    const objResult = {\n      naoComecou,\n      andamentos,\n      terminadas,\n      }\n      return objResult\n  }\n}\n\nexport default AbstractODM;\n"]},"_coverageSchema":"1a1c01bbd47fc00a2c39e90264f33305004495a9","hash":"862a5122fc6c1891aa8e33e0b92a9c5bfda4fb86","contentHash":"12e4aadf63b1875be8c87f4002cfb0fdef08a9b4bc94cfee62e1a585f78121ba"},"/home/lucasgft/projectTest/test/ProjectTest/backend/src/Models/PartidasODM.ts":{"path":"/home/lucasgft/projectTest/test/ProjectTest/backend/src/Models/PartidasODM.ts","statementMap":{"0":{"start":{"line":2,"column":22},"end":{"line":4,"column":1}},"1":{"start":{"line":3,"column":4},"end":{"line":3,"column":62}},"2":{"start":{"line":5,"column":0},"end":{"line":5,"column":62}},"3":{"start":{"line":6,"column":19},"end":{"line":6,"column":38}},"4":{"start":{"line":7,"column":22},"end":{"line":7,"column":63}},"5":{"start":{"line":10,"column":8},"end":{"line":18,"column":24}},"6":{"start":{"line":21,"column":0},"end":{"line":21,"column":30}}},"fnMap":{"0":{"name":"(anonymous_0)","decl":{"start":{"line":2,"column":56},"end":{"line":2,"column":57}},"loc":{"start":{"line":2,"column":71},"end":{"line":4,"column":1}},"line":2},"1":{"name":"(anonymous_1)","decl":{"start":{"line":9,"column":4},"end":{"line":9,"column":5}},"loc":{"start":{"line":9,"column":18},"end":{"line":19,"column":5}},"line":9}},"branchMap":{"0":{"loc":{"start":{"line":2,"column":22},"end":{"line":4,"column":1}},"type":"binary-expr","locations":[{"start":{"line":2,"column":23},"end":{"line":2,"column":27}},{"start":{"line":2,"column":31},"end":{"line":2,"column":51}},{"start":{"line":2,"column":56},"end":{"line":4,"column":1}}],"line":2},"1":{"loc":{"start":{"line":3,"column":11},"end":{"line":3,"column":61}},"type":"cond-expr","locations":[{"start":{"line":3,"column":37},"end":{"line":3,"column":40}},{"start":{"line":3,"column":43},"end":{"line":3,"column":61}}],"line":3},"2":{"loc":{"start":{"line":3,"column":12},"end":{"line":3,"column":33}},"type":"binary-expr","locations":[{"start":{"line":3,"column":12},"end":{"line":3,"column":15}},{"start":{"line":3,"column":19},"end":{"line":3,"column":33}}],"line":3}},"s":{"0":1,"1":1,"2":1,"3":1,"4":1,"5":13,"6":1},"f":{"0":1,"1":13},"b":{"0":[1,1,1],"1":[1,0],"2":[1,1]},"inputSourceMap":{"version":3,"file":"/home/lucasgft/projectTest/test/ProjectTest/backend/src/Models/PartidasODM.ts","sources":["/home/lucasgft/projectTest/test/ProjectTest/backend/src/Models/PartidasODM.ts"],"names":[],"mappings":";;;;;AACA,uCAAkC;AAClC,gEAAwC;AAIxC,MAAM,WAAY,SAAQ,qBAAuB;IAC/C;QACE,KAAK,CACH,IAAI,iBAAM,CAAY;YACpB,YAAY,EAAE,EAAE,IAAI,EAAE,MAAM,EAAE,QAAQ,EAAE,IAAI,EAAE;YAC9C,YAAY,EAAE,EAAE,IAAI,EAAE,MAAM,EAAE,QAAQ,EAAE,IAAI,EAAE;YAC9C,OAAO,EAAE,EAAE,IAAI,EAAE,IAAI,EAAE,QAAQ,EAAE,IAAI,EAAE;YACvC,YAAY,EAAE,EAAE,IAAI,EAAE,MAAM,EAAE,QAAQ,EAAE,IAAI,EAAE;YAC9C,YAAY,EAAE,EAAE,IAAI,EAAE,MAAM,EAAE,QAAQ,EAAE,IAAI,EAAE;YAC9C,OAAO,EAAE,EAAE,IAAI,EAAE,OAAO,EAAE,QAAQ,EAAE,IAAI,EAAE;YAC1C,QAAQ,EAAE,EAAE,IAAI,EAAE,OAAO,EAAE,QAAQ,EAAE,IAAI,EAAE;SAC5C,CAAC,EACF,UAAU,CACX,CAAC;IACJ,CAAC;CACF;AAED,kBAAe,WAAW,CAAC","sourcesContent":["import mongoose from \"mongoose\";\nimport { Schema } from 'mongoose';\nimport AbstractODM from './AbstractODM';\nimport ITimes from '../interfaces/ITimes';\nimport IPartidas from \"../interfaces/IPartidas\";\n\nclass PartidasODM extends AbstractODM <IPartidas> {\n  constructor() {\n    super(\n      new Schema<IPartidas>({\n        timeCasaName: { type: String, required: true },\n        timeForaName: { type: String, required: true },\n        horario: { type: Date, required: true },\n        golsTimeFora: { type: Number, required: true },\n        golsTimeCasa: { type: Number, required: true },\n        comecou: { type: Boolean, required: true },\n        terminou: { type: Boolean, required: true },\n      }),\n      'partidas',\n    );\n  }\n}\n\nexport default PartidasODM;"]},"_coverageSchema":"1a1c01bbd47fc00a2c39e90264f33305004495a9","hash":"9e77a7a56d6657f884f49a52ffdff23c4105a611","contentHash":"2fe5b2a0d7477b82a007a00d4da231c00287a48abadb050caff4053728ebaef6"},"/home/lucasgft/projectTest/test/ProjectTest/backend/src/Domains/Times.ts":{"path":"/home/lucasgft/projectTest/test/ProjectTest/backend/src/Domains/Times.ts","statementMap":{"0":{"start":{"line":2,"column":0},"end":{"line":2,"column":62}},"1":{"start":{"line":5,"column":8},"end":{"line":5,"column":38}},"2":{"start":{"line":6,"column":8},"end":{"line":6,"column":30}},"3":{"start":{"line":7,"column":8},"end":{"line":7,"column":34}},"4":{"start":{"line":8,"column":8},"end":{"line":8,"column":36}},"5":{"start":{"line":9,"column":8},"end":{"line":9,"column":60}},"6":{"start":{"line":12,"column":8},"end":{"line":12,"column":25}},"7":{"start":{"line":15,"column":8},"end":{"line":15,"column":27}},"8":{"start":{"line":18,"column":8},"end":{"line":18,"column":28}},"9":{"start":{"line":21,"column":8},"end":{"line":21,"column":40}},"10":{"start":{"line":24,"column":8},"end":{"line":24,"column":25}},"11":{"start":{"line":27,"column":8},"end":{"line":27,"column":29}},"12":{"start":{"line":30,"column":8},"end":{"line":30,"column":31}},"13":{"start":{"line":33,"column":8},"end":{"line":33,"column":55}},"14":{"start":{"line":36,"column":0},"end":{"line":36,"column":24}}},"fnMap":{"0":{"name":"(anonymous_0)","decl":{"start":{"line":4,"column":4},"end":{"line":4,"column":5}},"loc":{"start":{"line":4,"column":22},"end":{"line":10,"column":5}},"line":4},"1":{"name":"(anonymous_1)","decl":{"start":{"line":11,"column":4},"end":{"line":11,"column":5}},"loc":{"start":{"line":11,"column":14},"end":{"line":13,"column":5}},"line":11},"2":{"name":"(anonymous_2)","decl":{"start":{"line":14,"column":4},"end":{"line":14,"column":5}},"loc":{"start":{"line":14,"column":16},"end":{"line":16,"column":5}},"line":14},"3":{"name":"(anonymous_3)","decl":{"start":{"line":17,"column":4},"end":{"line":17,"column":5}},"loc":{"start":{"line":17,"column":17},"end":{"line":19,"column":5}},"line":17},"4":{"name":"(anonymous_4)","decl":{"start":{"line":20,"column":4},"end":{"line":20,"column":5}},"loc":{"start":{"line":20,"column":31},"end":{"line":22,"column":5}},"line":20},"5":{"name":"(anonymous_5)","decl":{"start":{"line":23,"column":4},"end":{"line":23,"column":5}},"loc":{"start":{"line":23,"column":18},"end":{"line":25,"column":5}},"line":23},"6":{"name":"(anonymous_6)","decl":{"start":{"line":26,"column":4},"end":{"line":26,"column":5}},"loc":{"start":{"line":26,"column":22},"end":{"line":28,"column":5}},"line":26},"7":{"name":"(anonymous_7)","decl":{"start":{"line":29,"column":4},"end":{"line":29,"column":5}},"loc":{"start":{"line":29,"column":24},"end":{"line":31,"column":5}},"line":29},"8":{"name":"(anonymous_8)","decl":{"start":{"line":32,"column":4},"end":{"line":32,"column":5}},"loc":{"start":{"line":32,"column":50},"end":{"line":34,"column":5}},"line":32}},"branchMap":{},"s":{"0":1,"1":9,"2":8,"3":8,"4":8,"5":8,"6":0,"7":0,"8":0,"9":0,"10":0,"11":0,"12":0,"13":0,"14":1},"f":{"0":9,"1":0,"2":0,"3":0,"4":0,"5":0,"6":0,"7":0,"8":0},"b":{},"inputSourceMap":{"version":3,"file":"/home/lucasgft/projectTest/test/ProjectTest/backend/src/Domains/Times.ts","sources":["/home/lucasgft/projectTest/test/ProjectTest/backend/src/Domains/Times.ts"],"names":[],"mappings":";;AAIA,MAAM,KAAK;IAOT,YAAY,IAAY;QACtB,IAAI,CAAC,QAAQ,GAAG,IAAI,CAAC,QAAQ,CAAC;QAC9B,IAAI,CAAC,IAAI,GAAG,IAAI,CAAC,IAAI,CAAC;QACtB,IAAI,CAAC,MAAM,GAAG,IAAI,CAAC,MAAM,CAAC;QAC1B,IAAI,CAAC,OAAO,GAAG,IAAI,CAAC,OAAO,CAAC;QAC5B,IAAI,CAAC,mBAAmB,GAAG,IAAI,CAAC,mBAAmB,CAAC;IACtD,CAAC;IAED,OAAO;QACL,OAAO,IAAI,CAAC,IAAI,CAAC;IACnB,CAAC;IAED,SAAS;QACP,OAAO,IAAI,CAAC,MAAM,CAAC;IACrB,CAAC;IAED,UAAU;QACR,OAAO,IAAI,CAAC,OAAO,CAAC;IACtB,CAAC;IAED,wBAAwB;QACtB,OAAO,IAAI,CAAC,mBAAmB,CAAC;IAClC,CAAC;IAED,OAAO,CAAC,IAAY;QAClB,IAAI,CAAC,IAAI,GAAG,IAAI,CAAC;IACnB,CAAC;IAED,SAAS,CAAC,MAAc;QACtB,IAAI,CAAC,MAAM,GAAG,MAAM,CAAC;IACvB,CAAC;IAED,UAAU,CAAC,OAAe;QACxB,IAAI,CAAC,OAAO,GAAG,OAAO,CAAC;IACzB,CAAC;IAED,wBAAwB,CAAC,mBAA2B;QAClD,IAAI,CAAC,mBAAmB,GAAG,mBAAmB,CAAC;IACjD,CAAC;CACF;AAED,kBAAe,KAAK,CAAC","sourcesContent":["import mongoose from 'mongoose';\nimport ITimes from '../interfaces/ITimes';\nimport IPartidas from '../interfaces/IPartidas';\n\nclass Times {\n  protected nome: string;\n  protected estado: string;\n  protected estadio?: string;\n  protected quantidadeJogadores: number;\n  protected partidas: { vitorias: Number, derrotas: Number, empates: Number };\n\n  constructor(time: ITimes) {\n    this.partidas = time.partidas;\n    this.nome = time.nome;\n    this.estado = time.estado;\n    this.estadio = time.estadio;\n    this.quantidadeJogadores = time.quantidadeJogadores;\n  }\n\n  getNome(): string {\n    return this.nome;\n  }\n\n  getEstado(): string {\n    return this.estado;\n  }\n\n  getEstadio(): string | undefined {\n    return this.estadio;\n  }\n\n  getQuantidadeDeJogadores(): number {\n    return this.quantidadeJogadores;\n  }\n\n  setNome(nome: string): void {\n    this.nome = nome;\n  }\n\n  setEstado(estado: string): void {\n    this.estado = estado;\n  }\n\n  setEstadio(estadio: string): void {\n    this.estadio = estadio;\n  }\n\n  setQuantidadeDeJogadores(quantidadeJogadores: number): void {\n    this.quantidadeJogadores = quantidadeJogadores;\n  }\n}\n\nexport default Times;\n"]},"_coverageSchema":"1a1c01bbd47fc00a2c39e90264f33305004495a9","hash":"ce81cb5ebaf811ea7ab336f82a731f3a464a850e","contentHash":"5a884766e814cab7937d6bba247518796a69399260df598747a3db9e83db5658"},"/home/lucasgft/projectTest/test/ProjectTest/backend/src/Service/times.service.ts":{"path":"/home/lucasgft/projectTest/test/ProjectTest/backend/src/Service/times.service.ts","statementMap":{"0":{"start":{"line":2,"column":16},"end":{"line":10,"column":1}},"1":{"start":{"line":3,"column":28},"end":{"line":3,"column":110}},"2":{"start":{"line":3,"column":91},"end":{"line":3,"column":106}},"3":{"start":{"line":4,"column":4},"end":{"line":9,"column":7}},"4":{"start":{"line":5,"column":36},"end":{"line":5,"column":97}},"5":{"start":{"line":5,"column":42},"end":{"line":5,"column":70}},"6":{"start":{"line":5,"column":85},"end":{"line":5,"column":95}},"7":{"start":{"line":6,"column":35},"end":{"line":6,"column":100}},"8":{"start":{"line":6,"column":41},"end":{"line":6,"column":73}},"9":{"start":{"line":6,"column":88},"end":{"line":6,"column":98}},"10":{"start":{"line":7,"column":32},"end":{"line":7,"column":116}},"11":{"start":{"line":8,"column":8},"end":{"line":8,"column":78}},"12":{"start":{"line":11,"column":22},"end":{"line":13,"column":1}},"13":{"start":{"line":12,"column":4},"end":{"line":12,"column":62}},"14":{"start":{"line":14,"column":0},"end":{"line":14,"column":62}},"15":{"start":{"line":15,"column":16},"end":{"line":15,"column":60}},"16":{"start":{"line":16,"column":19},"end":{"line":16,"column":65}},"17":{"start":{"line":19,"column":8},"end":{"line":19,"column":41}},"18":{"start":{"line":22,"column":22},"end":{"line":22,"column":73}},"19":{"start":{"line":22,"column":44},"end":{"line":22,"column":72}},"20":{"start":{"line":23,"column":8},"end":{"line":23,"column":21}},"21":{"start":{"line":26,"column":8},"end":{"line":36,"column":11}},"22":{"start":{"line":27,"column":28},"end":{"line":27,"column":52}},"23":{"start":{"line":28,"column":12},"end":{"line":35,"column":13}},"24":{"start":{"line":29,"column":32},"end":{"line":29,"column":59}},"25":{"start":{"line":30,"column":16},"end":{"line":30,"column":65}},"26":{"start":{"line":31,"column":16},"end":{"line":31,"column":56}},"27":{"start":{"line":34,"column":16},"end":{"line":34,"column":59}},"28":{"start":{"line":39,"column":8},"end":{"line":43,"column":11}},"29":{"start":{"line":40,"column":28},"end":{"line":40,"column":52}},"30":{"start":{"line":41,"column":26},"end":{"line":41,"column":48}},"31":{"start":{"line":42,"column":12},"end":{"line":42,"column":55}},"32":{"start":{"line":46,"column":0},"end":{"line":46,"column":31}}},"fnMap":{"0":{"name":"(anonymous_0)","decl":{"start":{"line":2,"column":44},"end":{"line":2,"column":45}},"loc":{"start":{"line":2,"column":89},"end":{"line":10,"column":1}},"line":2},"1":{"name":"adopt","decl":{"start":{"line":3,"column":13},"end":{"line":3,"column":18}},"loc":{"start":{"line":3,"column":26},"end":{"line":3,"column":112}},"line":3},"2":{"name":"(anonymous_2)","decl":{"start":{"line":3,"column":70},"end":{"line":3,"column":71}},"loc":{"start":{"line":3,"column":89},"end":{"line":3,"column":108}},"line":3},"3":{"name":"(anonymous_3)","decl":{"start":{"line":4,"column":36},"end":{"line":4,"column":37}},"loc":{"start":{"line":4,"column":63},"end":{"line":9,"column":5}},"line":4},"4":{"name":"fulfilled","decl":{"start":{"line":5,"column":17},"end":{"line":5,"column":26}},"loc":{"start":{"line":5,"column":34},"end":{"line":5,"column":99}},"line":5},"5":{"name":"rejected","decl":{"start":{"line":6,"column":17},"end":{"line":6,"column":25}},"loc":{"start":{"line":6,"column":33},"end":{"line":6,"column":102}},"line":6},"6":{"name":"step","decl":{"start":{"line":7,"column":17},"end":{"line":7,"column":21}},"loc":{"start":{"line":7,"column":30},"end":{"line":7,"column":118}},"line":7},"7":{"name":"(anonymous_7)","decl":{"start":{"line":11,"column":56},"end":{"line":11,"column":57}},"loc":{"start":{"line":11,"column":71},"end":{"line":13,"column":1}},"line":11},"8":{"name":"(anonymous_8)","decl":{"start":{"line":18,"column":4},"end":{"line":18,"column":5}},"loc":{"start":{"line":18,"column":29},"end":{"line":20,"column":5}},"line":18},"9":{"name":"(anonymous_9)","decl":{"start":{"line":21,"column":4},"end":{"line":21,"column":5}},"loc":{"start":{"line":21,"column":34},"end":{"line":24,"column":5}},"line":21},"10":{"name":"(anonymous_10)","decl":{"start":{"line":22,"column":31},"end":{"line":22,"column":32}},"loc":{"start":{"line":22,"column":44},"end":{"line":22,"column":72}},"line":22},"11":{"name":"(anonymous_11)","decl":{"start":{"line":25,"column":4},"end":{"line":25,"column":5}},"loc":{"start":{"line":25,"column":23},"end":{"line":37,"column":5}},"line":25},"12":{"name":"(anonymous_12)","decl":{"start":{"line":26,"column":47},"end":{"line":26,"column":48}},"loc":{"start":{"line":26,"column":60},"end":{"line":36,"column":9}},"line":26},"13":{"name":"(anonymous_13)","decl":{"start":{"line":38,"column":4},"end":{"line":38,"column":5}},"loc":{"start":{"line":38,"column":15},"end":{"line":44,"column":5}},"line":38},"14":{"name":"(anonymous_14)","decl":{"start":{"line":39,"column":47},"end":{"line":39,"column":48}},"loc":{"start":{"line":39,"column":60},"end":{"line":43,"column":9}},"line":39}},"branchMap":{"0":{"loc":{"start":{"line":2,"column":16},"end":{"line":10,"column":1}},"type":"binary-expr","locations":[{"start":{"line":2,"column":17},"end":{"line":2,"column":21}},{"start":{"line":2,"column":25},"end":{"line":2,"column":39}},{"start":{"line":2,"column":44},"end":{"line":10,"column":1}}],"line":2},"1":{"loc":{"start":{"line":3,"column":35},"end":{"line":3,"column":109}},"type":"cond-expr","locations":[{"start":{"line":3,"column":56},"end":{"line":3,"column":61}},{"start":{"line":3,"column":64},"end":{"line":3,"column":109}}],"line":3},"2":{"loc":{"start":{"line":4,"column":16},"end":{"line":4,"column":34}},"type":"binary-expr","locations":[{"start":{"line":4,"column":16},"end":{"line":4,"column":17}},{"start":{"line":4,"column":22},"end":{"line":4,"column":33}}],"line":4},"3":{"loc":{"start":{"line":7,"column":32},"end":{"line":7,"column":115}},"type":"cond-expr","locations":[{"start":{"line":7,"column":46},"end":{"line":7,"column":67}},{"start":{"line":7,"column":70},"end":{"line":7,"column":115}}],"line":7},"4":{"loc":{"start":{"line":8,"column":51},"end":{"line":8,"column":67}},"type":"binary-expr","locations":[{"start":{"line":8,"column":51},"end":{"line":8,"column":61}},{"start":{"line":8,"column":65},"end":{"line":8,"column":67}}],"line":8},"5":{"loc":{"start":{"line":11,"column":22},"end":{"line":13,"column":1}},"type":"binary-expr","locations":[{"start":{"line":11,"column":23},"end":{"line":11,"column":27}},{"start":{"line":11,"column":31},"end":{"line":11,"column":51}},{"start":{"line":11,"column":56},"end":{"line":13,"column":1}}],"line":11},"6":{"loc":{"start":{"line":12,"column":11},"end":{"line":12,"column":61}},"type":"cond-expr","locations":[{"start":{"line":12,"column":37},"end":{"line":12,"column":40}},{"start":{"line":12,"column":43},"end":{"line":12,"column":61}}],"line":12},"7":{"loc":{"start":{"line":12,"column":12},"end":{"line":12,"column":33}},"type":"binary-expr","locations":[{"start":{"line":12,"column":12},"end":{"line":12,"column":15}},{"start":{"line":12,"column":19},"end":{"line":12,"column":33}}],"line":12}},"s":{"0":1,"1":3,"2":0,"3":3,"4":3,"5":3,"6":1,"7":0,"8":0,"9":0,"10":5,"11":3,"12":1,"13":2,"14":1,"15":1,"16":1,"17":2,"18":1,"19":3,"20":1,"21":2,"22":2,"23":2,"24":2,"25":2,"26":2,"27":1,"28":1,"29":1,"30":1,"31":1,"32":1},"f":{"0":3,"1":3,"2":0,"3":3,"4":3,"5":0,"6":5,"7":2,"8":2,"9":1,"10":3,"11":2,"12":2,"13":1,"14":1},"b":{"0":[1,1,1],"1":[3,0],"2":[3,3],"3":[2,3],"4":[3,3],"5":[1,1,1],"6":[2,0],"7":[2,2]},"inputSourceMap":{"version":3,"file":"/home/lucasgft/projectTest/test/ProjectTest/backend/src/Service/times.service.ts","sources":["/home/lucasgft/projectTest/test/ProjectTest/backend/src/Service/times.service.ts"],"names":[],"mappings":";;;;;;;;;;;;;;AAEA,6DAA2C;AAC3C,kEAA0C;AAK1C,MAAM,YAAY;IACR,kBAAkB,CAAC,IAAY;QACrC,OAAO,IAAI,eAAW,CAAC,IAAI,CAAC,CAAC;IAC/B,CAAC;IAEO,uBAAuB,CAAC,IAAc;QAC5C,MAAM,KAAK,GAAG,IAAI,CAAC,GAAG,CAAC,CAAC,OAAO,EAAE,EAAE,CAAC,IAAI,eAAW,CAAC,OAAO,CAAC,CAAC,CAAC;QAC9D,OAAO,KAAK,CAAC;IACf,CAAC;IAEY,WAAW,CAAC,KAAa;;YACpC,MAAM,OAAO,GAAG,IAAI,kBAAQ,EAAE,CAAC;YAC/B,IAAI;gBACF,MAAM,OAAO,GAAG,MAAM,OAAO,CAAC,MAAM,CAAC,KAAK,CAAC,CAAC;gBAC5C,OAAO,CAAC,GAAG,CAAC,OAAO,EAAE,0BAA0B,CAAC,CAAA;gBAChD,OAAO,IAAI,CAAC,kBAAkB,CAAC,OAAO,CAAC,CAAC;aACzC;YAAC,OAAO,KAAc,EAAE;gBACrB,MAAM,IAAI,KAAK,CAAC,yBAAyB,CAAC,CAAA;aAC7C;QACH,CAAC;KAAA;IAEY,QAAQ;;YACnB,MAAM,OAAO,GAAG,IAAI,kBAAQ,EAAE,CAAC;YAC/B,MAAM,KAAK,GAAG,MAAM,OAAO,CAAC,MAAM,EAAE,CAAC;YACrC,OAAO,IAAI,CAAC,uBAAuB,CAAC,KAAK,CAAC,CAAC;QAC7C,CAAC;KAAA;CACF;AAED,kBAAe,YAAY,CAAC","sourcesContent":["import { Schema } from 'mongoose';\nimport Times from '../Domains/Times';\nimport TimesDomain from '../Domains/Times';\nimport TimesODM from '../Models/TimesODM';\nimport IPartidas from '../interfaces/IPartidas';\nimport ITimes from '../interfaces/ITimes';\nimport PartidasODM from '../Models/PartidasODM';\n\nclass TimesService {\n  private createTimesDomains(time: ITimes) {\n    return new TimesDomain(time);\n  }\n\n  private createArrayTimesDomains(time: ITimes[]) {\n    const array = time.map((element) => new TimesDomain(element));\n    return array;\n  }\n\n  public async createTimes(times: ITimes) {\n    const timeODM = new TimesODM();\n    try {\n      const newTime = await timeODM.create(times);\n      console.log(newTime, '----------------new Time')\n      return this.createTimesDomains(newTime);\n    } catch (error: unknown) {\n        throw new Error('Esse time ja foi criado')\n    }\n  } \n\n  public async getTimes() {\n    const timeODM = new TimesODM();\n    const times = await timeODM.getAll();\n    return this.createArrayTimesDomains(times);\n  }\n}\n\nexport default TimesService;\n"]},"_coverageSchema":"1a1c01bbd47fc00a2c39e90264f33305004495a9","hash":"865825bd4546f7cbe6bc2bd6da32b502e7cc22fe","contentHash":"051c9841647cf454d3b582c7a63c6102777d8a27289194e0e2d22235818679e2"},"/home/lucasgft/projectTest/test/ProjectTest/backend/src/Domains/User.ts":{"path":"/home/lucasgft/projectTest/test/ProjectTest/backend/src/Domains/User.ts","statementMap":{"0":{"start":{"line":2,"column":0},"end":{"line":2,"column":62}},"1":{"start":{"line":5,"column":8},"end":{"line":5,"column":32}},"2":{"start":{"line":6,"column":8},"end":{"line":6,"column":38}},"3":{"start":{"line":7,"column":8},"end":{"line":7,"column":45}},"4":{"start":{"line":10,"column":8},"end":{"line":10,"column":26}},"5":{"start":{"line":13,"column":8},"end":{"line":13,"column":29}},"6":{"start":{"line":16,"column":8},"end":{"line":16,"column":26}},"7":{"start":{"line":19,"column":8},"end":{"line":19,"column":27}},"8":{"start":{"line":22,"column":8},"end":{"line":22,"column":33}},"9":{"start":{"line":25,"column":8},"end":{"line":25,"column":27}},"10":{"start":{"line":28,"column":0},"end":{"line":28,"column":23}}},"fnMap":{"0":{"name":"(anonymous_0)","decl":{"start":{"line":4,"column":4},"end":{"line":4,"column":5}},"loc":{"start":{"line":4,"column":22},"end":{"line":8,"column":5}},"line":4},"1":{"name":"(anonymous_1)","decl":{"start":{"line":9,"column":4},"end":{"line":9,"column":5}},"loc":{"start":{"line":9,"column":15},"end":{"line":11,"column":5}},"line":9},"2":{"name":"(anonymous_2)","decl":{"start":{"line":12,"column":4},"end":{"line":12,"column":5}},"loc":{"start":{"line":12,"column":18},"end":{"line":14,"column":5}},"line":12},"3":{"name":"(anonymous_3)","decl":{"start":{"line":15,"column":4},"end":{"line":15,"column":5}},"loc":{"start":{"line":15,"column":15},"end":{"line":17,"column":5}},"line":15},"4":{"name":"(anonymous_4)","decl":{"start":{"line":18,"column":4},"end":{"line":18,"column":5}},"loc":{"start":{"line":18,"column":20},"end":{"line":20,"column":5}},"line":18},"5":{"name":"(anonymous_5)","decl":{"start":{"line":21,"column":4},"end":{"line":21,"column":5}},"loc":{"start":{"line":21,"column":26},"end":{"line":23,"column":5}},"line":21},"6":{"name":"(anonymous_6)","decl":{"start":{"line":24,"column":4},"end":{"line":24,"column":5}},"loc":{"start":{"line":24,"column":20},"end":{"line":26,"column":5}},"line":24}},"branchMap":{"0":{"loc":{"start":{"line":7,"column":21},"end":{"line":7,"column":44}},"type":"binary-expr","locations":[{"start":{"line":7,"column":21},"end":{"line":7,"column":31}},{"start":{"line":7,"column":35},"end":{"line":7,"column":44}}],"line":7}},"s":{"0":1,"1":3,"2":3,"3":3,"4":0,"5":0,"6":0,"7":0,"8":0,"9":0,"10":1},"f":{"0":3,"1":0,"2":0,"3":0,"4":0,"5":0,"6":0},"b":{"0":[3,0]},"inputSourceMap":{"version":3,"file":"/home/lucasgft/projectTest/test/ProjectTest/backend/src/Domains/User.ts","sources":["/home/lucasgft/projectTest/test/ProjectTest/backend/src/Domains/User.ts"],"names":[],"mappings":";;AAEA,MAAM,IAAI;IAKR,YAAY,IAAW;QACrB,IAAI,CAAC,KAAK,GAAG,IAAI,CAAC,KAAK,CAAC;QACxB,IAAI,CAAC,QAAQ,GAAG,IAAI,CAAC,QAAQ,CAAC;QAC9B,IAAI,CAAC,KAAK,GAAG,IAAI,CAAC,KAAK,IAAI,SAAS,CAAC;IACvC,CAAC;IAED,QAAQ;QACN,OAAO,IAAI,CAAC,KAAK,CAAC;IACpB,CAAC;IAED,WAAW;QACT,OAAO,IAAI,CAAC,QAAQ,CAAC;IACvB,CAAC;IAED,QAAQ;QACN,OAAO,IAAI,CAAC,KAAK,CAAC;IACpB,CAAC;IAED,QAAQ,CAAC,KAAa;QACpB,IAAI,CAAC,KAAK,GAAG,KAAK,CAAC;IACrB,CAAC;IAED,WAAW,CAAC,QAAgB;QAC1B,IAAI,CAAC,QAAQ,GAAG,QAAQ,CAAC;IAC3B,CAAC;IAED,QAAQ,CAAC,KAAa;QACpB,IAAI,CAAC,KAAK,GAAG,KAAK,CAAC;IACrB,CAAC;CACF;AAED,kBAAe,IAAI,CAAC","sourcesContent":["import IUser from '../interfaces/IUser';\n\nclass User {\n  protected email: string;\n  protected password: string;\n  protected cargo: string;\n\n  constructor(user: IUser) {\n    this.email = user.email;\n    this.password = user.password;\n    this.cargo = user.cargo || 'cliente';\n  }\n\n  getEmail(): string {\n    return this.email;\n  }\n\n  getPassword(): string {\n    return this.password;\n  }\n\n  getCargo(): string {\n    return this.cargo;\n  }\n\n  setEmail(email: string): void {\n    this.email = email;\n  }\n\n  setPassword(password: string): void {\n    this.password = password;\n  }\n\n  setCargo(cargo: string): void {\n    this.cargo = cargo;\n  }\n}\n\nexport default User;\n"]},"_coverageSchema":"1a1c01bbd47fc00a2c39e90264f33305004495a9","hash":"da42fb548f844d60edeff727d0bf3bc46051ba43","contentHash":"fe16e9f05ef0789e740ba67378aa28d660b21076af49a56a89eb3b0368956db8"},"/home/lucasgft/projectTest/test/ProjectTest/backend/src/Service/users.service.ts":{"path":"/home/lucasgft/projectTest/test/ProjectTest/backend/src/Service/users.service.ts","statementMap":{"0":{"start":{"line":2,"column":16},"end":{"line":10,"column":1}},"1":{"start":{"line":3,"column":28},"end":{"line":3,"column":110}},"2":{"start":{"line":3,"column":91},"end":{"line":3,"column":106}},"3":{"start":{"line":4,"column":4},"end":{"line":9,"column":7}},"4":{"start":{"line":5,"column":36},"end":{"line":5,"column":97}},"5":{"start":{"line":5,"column":42},"end":{"line":5,"column":70}},"6":{"start":{"line":5,"column":85},"end":{"line":5,"column":95}},"7":{"start":{"line":6,"column":35},"end":{"line":6,"column":100}},"8":{"start":{"line":6,"column":41},"end":{"line":6,"column":73}},"9":{"start":{"line":6,"column":88},"end":{"line":6,"column":98}},"10":{"start":{"line":7,"column":32},"end":{"line":7,"column":116}},"11":{"start":{"line":8,"column":8},"end":{"line":8,"column":78}},"12":{"start":{"line":11,"column":22},"end":{"line":13,"column":1}},"13":{"start":{"line":12,"column":4},"end":{"line":12,"column":62}},"14":{"start":{"line":14,"column":0},"end":{"line":14,"column":62}},"15":{"start":{"line":15,"column":15},"end":{"line":15,"column":58}},"16":{"start":{"line":16,"column":19},"end":{"line":16,"column":65}},"17":{"start":{"line":17,"column":20},"end":{"line":17,"column":49}},"18":{"start":{"line":20,"column":8},"end":{"line":20,"column":40}},"19":{"start":{"line":23,"column":8},"end":{"line":30,"column":11}},"20":{"start":{"line":24,"column":28},"end":{"line":24,"column":52}},"21":{"start":{"line":25,"column":28},"end":{"line":25,"column":54}},"22":{"start":{"line":26,"column":30},"end":{"line":26,"column":98}},"23":{"start":{"line":27,"column":26},"end":{"line":27,"column":61}},"24":{"start":{"line":28,"column":12},"end":{"line":28,"column":44}},"25":{"start":{"line":29,"column":12},"end":{"line":29,"column":25}},"26":{"start":{"line":33,"column":8},"end":{"line":48,"column":11}},"27":{"start":{"line":34,"column":28},"end":{"line":34,"column":52}},"28":{"start":{"line":35,"column":26},"end":{"line":35,"column":48}},"29":{"start":{"line":36,"column":12},"end":{"line":38,"column":13}},"30":{"start":{"line":37,"column":16},"end":{"line":37,"column":81}},"31":{"start":{"line":39,"column":26},"end":{"line":39,"column":34}},"32":{"start":{"line":40,"column":31},"end":{"line":40,"column":67}},"33":{"start":{"line":41,"column":12},"end
[...]
column":31},"end":{"line":53,"column":68}},"42":{"start":{"line":54,"column":12},"end":{"line":55,"column":28}},"43":{"start":{"line":55,"column":16},"end":{"line":55,"column":28}},"44":{"start":{"line":56,"column":12},"end":{"line":56,"column":54}},"45":{"start":{"line":60,"column":8},"end":{"line":68,"column":11}},"46":{"start":{"line":61,"column":28},"end":{"line":61,"column":52}},"47":{"start":{"line":62,"column":31},"end":{"line":62,"column":63}},"48":{"start":{"line":63,"column":12},"end":{"line":64,"column":29}},"49":{"start":{"line":64,"column":16},"end":{"line":64,"column":29}},"50":{"start":{"line":65,"column":30},"end":{"line":65,"column":113}},"51":{"start":{"line":66,"column":26},"end":{"line":66,"column":61}},"52":{"start":{"line":67,"column":12},"end":{"line":67,"column":25}},"53":{"start":{"line":71,"column":0},"end":{"line":71,"column":30}}},"fnMap":{"0":{"name":"(anonymous_0)","decl":{"start":{"line":2,"column":44},"end":{"line":2,"column":45}},"loc":{"start":{"line":2,"column":89},"end":{"line":10,"column":1}},"line":2},"1":{"name":"adopt","decl":{"start":{"line":3,"column":13},"end":{"line":3,"column":18}},"loc":{"start":{"line":3,"column":26},"end":{"line":3,"column":112}},"line":3},"2":{"name":"(anonymous_2)","decl":{"start":{"line":3,"column":70},"end":{"line":3,"column":71}},"loc":{"start":{"line":3,"column":89},"end":{"line":3,"column":108}},"line":3},"3":{"name":"(anonymous_3)","decl":{"start":{"line":4,"column":36},"end":{"line":4,"column":37}},"loc":{"start":{"line":4,"column":63},"end":{"line":9,"column":5}},"line":4},"4":{"name":"fulfilled","decl":{"start":{"line":5,"column":17},"end":{"line":5,"column":26}},"loc":{"start":{"line":5,"column":34},"end":{"line":5,"column":99}},"line":5},"5":{"name":"rejected","decl":{"start":{"line":6,"column":17},"end":{"line":6,"column":25}},"loc":{"start":{"line":6,"column":33},"end":{"line":6,"column":102}},"line":6},"6":{"name":"step","decl":{"start":{"line":7,"column":17},"end":{"line":7,"column":21}},"loc":{"start":{"line":7,"column":30},"end":{"line":7,"column":118}},"line":7},"7":{"name":"(anonymous_7)","decl":{"start":{"line":11,"column":56},"end":{"line":11,"column":57}},"loc":{"start":{"line":11,"column":71},"end":{"line":13,"column":1}},"line":11},"8":{"name":"(anonymous_8)","decl":{"start":{"line":19,"column":4},"end":{"line":19,"column":5}},"loc":{"start":{"line":19,"column":28},"end":{"line":21,"column":5}},"line":19},"9":{"name":"(anonymous_9)","decl":{"start":{"line":22,"column":4},"end":{"line":22,"column":5}},"loc":{"start":{"line":22,"column":21},"end":{"line":31,"column":5}},"line":22},"10":{"name":"(anonymous_10)","decl":{"start":{"line":23,"column":47},"end":{"line":23,"column":48}},"loc":{"start":{"line":23,"column":60},"end":{"line":30,"column":9}},"line":23},"11":{"name":"(anonymous_11)","decl":{"start":{"line":32,"column":4},"end":{"line":32,"column":5}},"loc":{"start":{"line":32,"column":28},"end":{"line":49,"column":5}},"line":32},"12":{"name":"(anonymous_12)","decl":{"start":{"line":33,"column":47},"end":{"line":33,"column":48}},"loc":{"start":{"line":33,"column":60},"end":{"line":48,"column":9}},"line":33},"13":{"name":"(anonymous_13)","decl":{"start":{"line":50,"column":4},"end":{"line":50,"column":5}},"loc":{"start":{"line":50,"column":20},"end":{"line":58,"column":5}},"line":50},"14":{"name":"(anonymous_14)","decl":{"start":{"line":51,"column":47},"end":{"line":51,"column":48}},"loc":{"start":{"line":51,"column":60},"end":{"line":57,"column":9}},"line":51},"15":{"name":"(anonymous_15)","decl":{"start":{"line":59,"column":4},"end":{"line":59,"column":5}},"loc":{"start":{"line":59,"column":30},"end":{"line":69,"column":5}},"line":59},"16":{"name":"(anonymous_16)","decl":{"start":{"line":60,"column":47},"end":{"line":60,"column":48}},"loc":{"start":{"line":60,"column":60},"end":{"line":68,"column":9}},"line":60}},"branchMap":{"0":{"loc":{"start":{"line":2,"column":16},"end":{"line":10,"column":1}},"type":"binary-expr","locations":[{"start":{"line":2,"column":17},"end":{"line":2,"column":21}},{"start":{"line":2,"column":25},"end":{"line":2,"column":39}},{"start":{"line":2,"column":44},"end":{"line":10,"column":1}}],"line":2},"1":{"loc":{"start":{"line":3,"column":35},"end":{"line":3,"column":109}},"type":"cond-expr","locations":[{"start":{"line":3,"column":56},"end":{"line":3,"column":61}},{"start":{"line":3,"column":64},"end":{"line":3,"column":109}}],"line":3},"2":{"loc":{"start":{"line":4,"column":16},"end":{"line":4,"column":34}},"type":"binary-expr","locations":[{"start":{"line":4,"column":16},"end":{"line":4,"column":17}},{"start":{"line":4,"column":22},"end":{"line":4,"column":33}}],"line":4},"3":{"loc":{"start":{"line":7,"column":32},"end":{"line":7,"column":115}},"type":"cond-expr","locations":[{"start":{"line":7,"column":46},"end":{"line":7,"column":67}},{"start":{"line":7,"column":70},"end":{"line":7,"column":115}}],"line":7},"4":{"loc":{"start":{"line":8,"column":51},"end":{"line":8,"column":67}},"type":"binary-expr","locations":[{"start":{"line":8,"column":51},"end":{"line":8,"column":61}},{"start":{"line":8,"column":65},"end":{"line":8,"column":67}}],"line":8},"5":{"loc":{"start":{"line":11,"column":22},"end":{"line":13,"column":1}},"type":"binary-expr","locations":[{"start":{"line":11,"column":23},"end":{"line":11,"column":27}},{"start":{"line":11,"column":31},"end":{"line":11,"column":51}},{"start":{"line":11,"column":56},"end":{"line":13,"column":1}}],"line":11},"6":{"loc":{"start":{"line":12,"column":11},"end":{"line":12,"column":61}},"type":"cond-expr","locations":[{"start":{"line":12,"column":37},"end":{"line":12,"column":40}},{"start":{"line":12,"column":43},"end":{"line":12,"column":61}}],"line":12},"7":{"loc":{"start":{"line":12,"column":12},"end":{"line":12,"column":33}},"type":"binary-expr","locations":[{"start":{"line":12,"column":12},"end":{"line":12,"column":15}},{"start":{"line":12,"column":19},"end":{"line":12,"column":33}}],"line":12},"8":{"loc":{"start":{"line":36,"column":12},"end":{"line":38,"column":13}},"type":"if","locations":[{"start":{"line":36,"column":12},"end":{"line":38,"column":13}},{"start":{"line":36,"column":12},"end":{"line":38,"column":13}}],"line":36},"9":{"loc":{"start":{"line":36,"column":16},"end":{"line":36,"column":59}},"type":"binary-expr","locations":[{"start":{"line":36,"column":16},"end":{"line":36,"column":34}},{"start":{"line":36,"column":38},"end":{"line":36,"column":59}}],"line":36},"10":{"loc":{"start":{"line":41,"column":12},"end":{"line":46,"column":13}},"type":"if","locations":[{"start":{"line":41,"column":12},"end":{"line":46,"column":13}},{"start":{"line":41,"column":12},"end":{"line":46,"column":13}}],"line":41},"11":{"loc":{"start":{"line":41,"column":16},"end":{"line":41,"column":60}},"type":"binary-expr","locations":[{"start":{"line":41,"column":16},"end":{"line":41,"column":26}},{"start":{"line":41,"column":30},"end":{"line":41,"column":60}}],"line":41},"12":{"loc":{"start":{"line":54,"column":12},"end":{"line":55,"column":28}},"type":"if","locations":[{"start":{"line":54,"column":12},"end":{"line":55,"column":28}},{"start":{"line":54,"column":12},"end":{"line":55,"column":28}}],"line":54},"13":{"loc":{"start":{"line":63,"column":12},"end":{"line":64,"column":29}},"type":"if","locations":[{"start":{"line":63,"column":12},"end":{"line":64,"column":29}},{"start":{"line":63,"column":12},"end":{"line":64,"column":29}}],"line":63},"14":{"loc":{"start":{"line":63,"column":16},"end":{"line":63,"column":71}},"type":"binary-expr","locations":[{"start":{"line":63,"column":16},"end":{"line":63,"column":35}},{"start":{"line":63,"column":39},"end":{"line":63,"column":71}}],"line":63}},"s":{"0":1,"1":6,"2":0,"3":8,"4":6,"5":6,"6":0,"7":0,"8":0,"9":0,"10":14,"11":8,"12":1,"13":2,"14":1,"15":1,"16":1,"17":1,"18":2,"19":1,"20":1,"21":1,"22":1,"23":1,"24":1,"25":1,"26":3,"27":3,"28":3,"29":3,"30":1,"31":2,"32":2,"33":2,"34":1,"35":1,"36":1,"37":1,"38":1,"39":2,"40":2,"41":2,"42":2,"43":1,"44":1,"45":2,"46":2,"47":2,"48":2,"49":1,"50":1,"51":1,"52":1,"53":1},"f":{"0":8,"1":6,"2":0,"3":8,"4":6,"5":0,"6":14,"7":2,"8":2,"9":1,"10":1,"11":3,"12":3,"13":2,"14":2,"15":2,"16":2},"b":{"0":[1,1,1],"1":[6,0],"2":[8,8],"3":[8,6],"4":[8,8],"5":[1,1,1],"6":[2,0],"7":[2,2],"8":[1,2],"9":[3,3],"10":[1,1],"11":[2,1],"12":[1,1],"13":[1,1],"14":[2,1]},"inputSourceMap":{"version":3,"file":"/home/lucasgft/projectTest/test/ProjectTest/backend/src/Service/users.service.ts","sources":["/home/lucasgft/projectTest/test/ProjectTest/backend/src/Service/users.service.ts"],"names":[],"mappings":";;;;;;;;;;;;;;AACA,2DAAyC;AACzC,kEAA0C;AAC1C,kDAA2D;AAE3D,MAAM,WAAW;IACP,iBAAiB,CAAC,IAAW;QACnC,OAAO,IAAI,cAAU,CAAC,IAAI,CAAC,CAAC;IAC9B,CAAC;IAEY,UAAU,CAAC,IAAW;;YACjC,MAAM,OAAO,GAAG,IAAI,kBAAQ,EAAE,CAAC;YAC/B,MAAM,OAAO,GAAG,MAAM,OAAO,CAAC,MAAM,CAAC,IAAI,CAAC,CAAC;YAC3C,MAAM,SAAS,GAAG,EAAE,KAAK,EAAE,IAAI,CAAC,KAAK,EAAE,QAAQ,EAAE,IAAI,CAAC,QAAQ,EAAE,KAAK,EAAE,OAAO,CAAC,KAAK,EAAE,CAAC;YACvF,MAAM,KAAK,GAAG,IAAA,mBAAO,EAAC,SAAS,CAAC,CAAC;YACjC,IAAI,CAAC,iBAAiB,CAAC,OAAO,CAAC,CAAC;YAChC,OAAO,KAAK,CAAC;QACf,CAAC;KAAA;IAEY,UAAU,CAAC,WAAmB;;YACzC,MAAM,OAAO,GAAG,IAAI,kBAAQ,EAAE,CAAC;YAC/B,MAAM,KAAK,GAAG,WAAW,CAAC,KAAK,CAAC,GAAG,CAAC,CAAC;YACrC,IAAI,KAAK,CAAC,MAAM,KAAK,CAAC,IAAI,KAAK,CAAC,CAAC,CAAC,KAAK,QAAQ,EAAE;gBAC/C,OAAO,EAAE,KAAK,EAAE,GAAG,EAAE,OAAO,EAAE,gCAAgC,EAAE,CAAC;aAClE;YACD,MAAM,KAAK,GAAG,KAAK,CAAC,CAAC,CAAC,CAAC;YACvB,MAAM,UAAU,GAAG,IAAA,wBAAY,EAAC,KAAK,CAAC,CAAC;YACvC,IAAI,UAAU,IAAI,OAAO,UAAU,KAAK,QAAQ,EAAE;gBAChD,MAAM,EAAE,OAAO,EAAE,GAAG,UAAU,CAAC;gBAC/B,MAAM,EAAE,KAAK,EAAE,GAAG,IAAI,CAAC,KAAK,CAAC,IAAI,CAAC,SAAS,CAAC,OAAO,CAAC,CAAC,CAAC;gBACtD,MAAM,IAAI,GAAG,MAAM,OAAO,CAAC,OAAO,CAAC,OAAO,EAAE,KAAK,CAAC,CAAC;gBACnD,OAAO,EAAE,KAAK,EAAE,GAAG,EAAE,OAAO,EAAE,IAAI,EAAE,CAAC;aACtC;YACD,OAAO,EAAE,KAAK,EAAE,GAAG,EAAE,OAAO,EAAE,gBAAgB,EAAE,CAAC;QACnD,CAAC;KAAA;IAEY,QAAQ,CAAC,KAAa;;YACjC,MAAM,OAAO,GAAG,IAAI,kBAAQ,EAAE,CAAC;YAC/B,MAAM,UAAU,GAAG,MAAM,OAAO,CAAC,OAAO,CAAC,OAAO,EAAE,KAAK,CAAC,CAAC;YACzD,IAAI,UAAU,KAAK,IAAI;gBAAE,OAAO,IAAI,CAAC;YACrC,OAAO,IAAI,CAAC,iBAAiB,CAAC,UAAU,CAAC,CAAC;QAC5C,CAAC;KAAA;IAEY,QAAQ,CAAC,KAAa,EAAE,QAAgB;;YACnD,MAAM,OAAO,GAAG,IAAI,kBAAQ,EAAE,CAAC;YAC/B,MAAM,UAAU,GAAG,MAAM,OAAO,CAAC,WAAW,CAAC,KAAK,CAAC,CAAC;YACpD,IAAI,UAAU,KAAK,IAAI,IAAI,UAAU,CAAC,QAAQ,KAAK,QAAQ;gBAAE,OAAO,KAAK,CAAC;YAC1E,MAAM,SAAS,GAAG,EAAE,KAAK,EAAE,UAAU,CAAC,KAAK,EAAE,QAAQ,EAAE,UAAU,CAAC,QAAQ,EAAE,KAAK,EAAE,UAAU,CAAC,KAAK,EAAE,CAAC;YACtG,MAAM,KAAK,GAAG,IAAA,mBAAO,EAAC,SAAS,CAAC,CAAC;YACjC,OAAO,KAAK,CAAC;QACf,CAAC;KAAA;CAGF;AAED,kBAAe,WAAW,CAAC","sourcesContent":["import IUser from '../interfaces/IUser';\nimport UserDomain from '../Domains/User';\nimport UsersODM from '../Models/UsersODM';\nimport { decodedToken, gnToken } from '../utils/token.jwt';\n\nclass UserService {\n  private createUserDomains(User: IUser) {\n    return new UserDomain(User);\n  }\n\n  public async createUser(user: IUser) {\n    const userODM = new UsersODM();\n    const newUser = await userODM.create(user);\n    const userToken = { email: user.email, password: user.password, cargo: newUser.cargo };\n    const token = gnToken(userToken);\n    this.createUserDomains(newUser);\n    return token;\n  }\n\n  public async verifyRole(tokenHeader: string) {\n    const userODM = new UsersODM();\n    const parts = tokenHeader.split(' ');\n    if (parts.length !== 2 || parts[0] !== 'Bearer') {\n      return { token: 401, message: 'Token de autenticação inválido' };\n    } \n    const token = parts[1];\n    const jwtDecoded = decodedToken(token);\n    if (jwtDecoded && typeof jwtDecoded !== 'string') {\n      const { payload } = jwtDecoded;\n      const { email } = JSON.parse(JSON.stringify(payload));\n      const user = await userODM.findOne('email', email);\n      return { token: 200, message: user };\n    } \n    return { token: 401, message: 'Token inválido' };\n  }\n\n  public async getUsers(email: string) {\n    const userODM = new UsersODM();\n    const resultUser = await userODM.findOne('email', email);\n    if (resultUser === null) return null;\n    return this.createUserDomains(resultUser);\n  }\n\n  public async findUser(email: string, password: string) {\n    const userODM = new UsersODM();\n    const resultUser = await userODM.findByEmail(email);\n    if (resultUser === null || resultUser.password !== password) return false;\n    const userToken = { email: resultUser.email, password: resultUser.password, cargo: resultUser.cargo };\n    const token = gnToken(userToken);\n    return token;\n  }\n\n  \n}\n\nexport default UserService;\n"]},"_coverageSchema":"1a1c01bbd47fc00a2c39e90264f33305004495a9","hash":"1def953ceaf076d1c630e438750a47083a53aa6b","contentHash":"47af8b956142092f0a978e2ba28cb96e40615b325f3eb8f5e65b6d004896e101"},"/home/lucasgft/projectTest/test/ProjectTest/backend/src/Models/UsersODM.ts":{"path":"/home/lucasgft/projectTest/test/ProjectTest/backend/src/Models/UsersODM.ts","statementMap":{"0":{"start":{"line":2,"column":22},"end":{"line":4,"column":1}},"1":{"start":{"line":3,"column":4},"end":{"line":3,"column":62}},"2":{"start":{"line":5,"column":0},"end":{"line":5,"column":62}},"3":{"start":{"line":6,"column":19},"end":{"line":6,"column":38}},"4":{"start":{"line":7,"column":22},"end":{"line":7,"column":63}},"5":{"start":{"line":10,"column":8},"end":{"line":14,"column":21}},"6":{"start":{"line":17,"column":0},"end":{"line":17,"column":27}}},"fnMap":{"0":{"name":"(anonymous_0)","decl":{"start":{"line":2,"column":56},"end":{"line":2,"column":57}},"loc":{"start":{"line":2,"column":71},"end":{"line":4,"column":1}},"line":2},"1":{"name":"(anonymous_1)","decl":{"start":{"line":9,"column":4},"end":{"line":9,"column":5}},"loc":{"start":{"line":9,"column":18},"end":{"line":15,"column":5}},"line":9}},"branchMap":{"0":{"loc":{"start":{"line":2,"column":22},"end":{"line":4,"column":1}},"type":"binary-expr","locations":[{"start":{"line":2,"column":23},"end":{"line":2,"column":27}},{"start":{"line":2,"column":31},"end":{"line":2,"column":51}},{"start":{"line":2,"column":56},"end":{"line":4,"column":1}}],"line":2},"1":{"loc":{"start":{"line":3,"column":11},"end":{"line":3,"column":61}},"type":"cond-expr","locations":[{"start":{"line":3,"column":37},"end":{"line":3,"column":40}},{"start":{"line":3,"column":43},"end":{"line":3,"column":61}}],"line":3},"2":{"loc":{"start":{"line":3,"column":12},"end":{"line":3,"column":33}},"type":"binary-expr","locations":[{"start":{"line":3,"column":12},"end":{"line":3,"column":15}},{"start":{"line":3,"column":19},"end":{"line":3,"column":33}}],"line":3}},"s":{"0":1,"1":1,"2":1,"3":1,"4":1,"5":8,"6":1},"f":{"0":1,"1":8},"b":{"0":[1,1,1],"1":[1,0],"2":[1,1]},"inputSourceMap":{"version":3,"file":"/home/lucasgft/projectTest/test/ProjectTest/backend/src/Models/UsersODM.ts","sources":["/home/lucasgft/projectTest/test/ProjectTest/backend/src/Models/UsersODM.ts"],"names":[],"mappings":";;;;;AAAA,uCAAkC;AAElC,gEAAwC;AAExC,MAAM,QAAS,SAAQ,qBAAmB;IACxC;QACE,KAAK,CACH,IAAI,iBAAM,CAAQ;YAChB,KAAK,EAAE,EAAE,IAAI,EAAE,MAAM,EAAE,QAAQ,EAAE,IAAI,EAAE,MAAM,EAAE,IAAI,EAAE;YACrD,QAAQ,EAAE,EAAE,IAAI,EAAE,MAAM,EAAE,QAAQ,EAAE,IAAI,EAAE;YAC1C,KAAK,EAAE,EAAE,IAAI,EAAE,MAAM,EAAE,QAAQ,EAAE,IAAI,EAAE,OAAO,EAAE,SAAS,EAAE;SAC5D,CAAC,EACF,OAAO,CACR,CAAC;IACJ,CAAC;CACF;AAED,kBAAe,QAAQ,CAAC","sourcesContent":["import { Schema } from 'mongoose';\nimport IUser from '../interfaces/IUser';\nimport AbstractODM from './AbstractODM';\n\nclass UsersODM extends AbstractODM <IUser> {\n  constructor() {\n    super(\n      new Schema<IUser>({\n        email: { type: String, required: true, unique: true },\n        password: { type: String, required: true },\n        cargo: { type: String, required: true, default: 'cliente' },\n      }),\n      'users',\n    );\n  }\n}\n\nexport default UsersODM;\n"]},"_coverageSchema":"1a1c01bbd47fc00a2c39e90264f33305004495a9","hash":"2de94a8e2a9f50f1b87591f0242bb8a0232e81a8","contentHash":"7a0e57d2df50a1dec57a40e2b2bc9c60d426c49697c913f0eb4a1e776a1315bb"},"/home/lucasgft/projectTest/test/ProjectTest/backend/src/utils/token.jwt.ts":{"path":"/home/lucasgft/projectTest/test/ProjectTest/backend/src/utils/token.jwt.ts","statementMap":{"0":{"start":{"line":2,"column":22},"end":{"line":4,"column":1}},"1":{"start":{"line":3,"column":4},"end":{"line":3,"column":62}},"2":{"start":{"line":5,"column":0},"end":{"line":5,"column":62}},"3":{"start":{"line":6,"column":0},"end":{"line":6,"column":48}},"4":{"start":{"line":7,"column":23},"end":{"line":7,"column":63}},"5":{"start":{"line":8,"column":13},"end":{"line":8,"column":43}},"6":{"start":{"line":9,"column":18},"end":{"line":9,"column":67}},"7":{"start":{"line":10,"column":15},"end":{"line":13,"column":1}},"8":{"start":{"line":14,"column":16},"end":{"line":14,"column":82}},"9":{"start":{"line":14,"column":28},"end":{"line":14,"column":82}},"10":{"start":{"line":15,"column":0},"end":{"line":15,"column":26}},"11":{"start":{"line":16,"column":21},"end":{"line":16,"column":88}},"12":{"start":{"line":16,"column":32},"end":{"line":16,"column":88}},"13":{"start":{"line":17,"column":0},"end":{"line":17,"column":36}}},"fnMap":{"0":{"name":"(anonymous_0)","decl":{"start":{"line":2,"column":56},"end":{"line":2,"column":57}},"loc":{"start":{"line":2,"column":71},"end":{"line":4,"column":1}},"line":2},"1":{"name":"(anonymous_1)","decl":{"start":{"line":14,"column":16},"end":{"line":14,"column":17}},"loc":{"start":{"line":14,"column":28},"end":{"line":14,"column":82}},"line":14},"2":{"name":"(anonymous_2)","decl":{"start":{"line":16,"column":21},"end":{"line":16,"column":22}},"loc":{"start":{"line":16,"column":32},"end":{"line":16,"column":88}},"line":16}},"branchMap":{"0":{"loc":{"start":{"line":2,"column":22},"end":{"line":4,"column":1}},"type":"binary-expr","locations":[{"start":{"line":2,"column":23},"end":{"line":2,"column":27}},{"start":{"line":2,"column":31},"end":{"line":2,"column":51}},{"start":{"line":2,"column":56},"end":{"line":4,"column":1}}],"line":2},"1":{"loc":{"start":{"line":3,"column":11},"end":{"line":3,"column":61}},"type":"cond-expr","locations":[{"start":{"line":3,"column":37},"end":{"line":3,"column":40}},{"start":{"line":3,"column":43},"end":{"line":3,"column":61}}],"line":3},"2":{"loc":{"start":{"line":3,"column":12},"end":{"line":3,"column":33}},"type":"binary-expr","locations":[{"start":{"line":3,"column":12},"end":{"line":3,"column":15}},{"start":{"line":3,"column":19},"end":{"line":3,"column":33}}],"line":3}},"s":{"0":1,"1":2,"2":1,"3":1,"4":1,"5":1,"6":1,"7":1,"8":1,"9":3,"10":1,"11":1,"12":4,"13":1},"f":{"0":2,"1":3,"2":4},"b":{"0":[1,1,1],"1":[0,2],"2":[2,2]},"inputSourceMap":{"version":3,"file":"/home/lucasgft/projectTest/test/ProjectTest/backend/src/utils/token.jwt.ts","sources":["/home/lucasgft/projectTest/test/ProjectTest/backend/src/utils/token.jwt.ts"],"names":[],"mappings":";;;;;;AAAA,gEAA8C;AAC9C,4CAAoB;AAGpB,MAAM,SAAS,GAAG,YAAE,CAAC,YAAY,CAAC,sBAAsB,CAAC,CAAC;AAE1D,MAAM,MAAM,GAAG;IACb,SAAS,EAAE,OAAO;IAClB,SAAS,EAAE,IAAI;CAChB,CAAC;AAEF,MAAM,OAAO,GAAG,CAAC,MAAa,EAAE,EAAE,CAAC,sBAAG,CAAC,IAAI,CAAC,MAAM,EAAE,SAAS,EAAE,MAAkC,CAAC,CAAC;AAW1F,0BAAO;AAThB,MAAM,YAAY,GAAG,CAAC,KAAa,EAAE,EAAE,CAAC,sBAAG,CAAC,MAAM,CAAC,KAAK,EAAE,EAAE,QAAQ,EAAE,IAAI,EAAE,CAAC,CAAC;AAS5D,oCAAY","sourcesContent":["import jwt, { Algorithm } from 'jsonwebtoken';\nimport fs from 'fs';\nimport IUser from '../interfaces/IUser';\n\nconst secretKey = fs.readFileSync('./jwt.evaluation.key');\n\nconst config = {\n  algorithm: 'HS256',\n  expiresIn: '1h',\n};\n\nconst gnToken = (payloa: IUser) => jwt.sign(payloa, secretKey, config as { algorithm: Algorithm });\n\nconst decodedToken = (token: string) => jwt.decode(token, { complete: true });\n\n// const token = gnToken({\n//   id: user.id,\n//   name: user.name,\n//   email: user.email,\n//   role: user.role,\n// });\n\nexport { gnToken, decodedToken };"]},"_coverageSchema":"1a1c01bbd47fc00a2c39e90264f33305004495a9","hash":"92cfdceeecf3a520f419a621e7b629381cfd2c41","contentHash":"c339508285ac756c0002adf5ec1cc4c857d07b57667a2796a42f5fdbfe72c7c0"}}